mode: atomic
github.com/hahaclassic/orpheon/backend/internal/adapters/audio-converter/audio-converter.go:11.28,13.2 1 0
github.com/hahaclassic/orpheon/backend/internal/adapters/audio-converter/audio-converter.go:15.114,17.2 1 0
github.com/hahaclassic/orpheon/backend/internal/adapters/event-bus/in-memory/in-memory.go:15.56,19.2 1 0
github.com/hahaclassic/orpheon/backend/internal/adapters/event-bus/in-memory/in-memory.go:21.93,27.2 4 0
github.com/hahaclassic/orpheon/backend/internal/adapters/event-bus/in-memory/in-memory.go:29.75,33.37 3 0
github.com/hahaclassic/orpheon/backend/internal/adapters/event-bus/in-memory/in-memory.go:33.37,34.45 1 0
github.com/hahaclassic/orpheon/backend/internal/adapters/event-bus/in-memory/in-memory.go:34.45,36.4 1 0
github.com/hahaclassic/orpheon/backend/internal/adapters/event-bus/in-memory/in-memory.go:39.2,39.12 1 0
github.com/hahaclassic/orpheon/backend/internal/adapters/event-bus/kafka/kafka.go:27.72,43.2 1 0
github.com/hahaclassic/orpheon/backend/internal/adapters/event-bus/kafka/kafka.go:45.90,47.16 2 0
github.com/hahaclassic/orpheon/backend/internal/adapters/event-bus/kafka/kafka.go:47.16,49.3 1 0
github.com/hahaclassic/orpheon/backend/internal/adapters/event-bus/kafka/kafka.go:51.2,56.57 2 0
github.com/hahaclassic/orpheon/backend/internal/adapters/event-bus/kafka/kafka.go:56.57,58.3 1 0
github.com/hahaclassic/orpheon/backend/internal/adapters/event-bus/kafka/kafka.go:60.2,60.12 1 0
github.com/hahaclassic/orpheon/backend/internal/adapters/event-bus/kafka/kafka.go:63.133,64.6 1 0
github.com/hahaclassic/orpheon/backend/internal/adapters/event-bus/kafka/kafka.go:64.6,65.10 1 0
github.com/hahaclassic/orpheon/backend/internal/adapters/event-bus/kafka/kafka.go:66.21,67.20 1 0
github.com/hahaclassic/orpheon/backend/internal/adapters/event-bus/kafka/kafka.go:68.11,70.18 2 0
github.com/hahaclassic/orpheon/backend/internal/adapters/event-bus/kafka/kafka.go:70.18,71.85 1 0
github.com/hahaclassic/orpheon/backend/internal/adapters/event-bus/kafka/kafka.go:71.85,73.6 1 0
github.com/hahaclassic/orpheon/backend/internal/adapters/event-bus/kafka/kafka.go:74.5,74.48 1 0
github.com/hahaclassic/orpheon/backend/internal/adapters/event-bus/kafka/kafka.go:77.4,78.57 2 0
github.com/hahaclassic/orpheon/backend/internal/adapters/event-bus/kafka/kafka.go:78.57,80.13 2 0
github.com/hahaclassic/orpheon/backend/internal/adapters/event-bus/kafka/kafka.go:83.4,83.46 1 0
github.com/hahaclassic/orpheon/backend/internal/adapters/event-bus/kafka/kafka.go:83.46,85.13 2 0
github.com/hahaclassic/orpheon/backend/internal/adapters/event-bus/kafka/kafka.go:91.39,92.41 1 0
github.com/hahaclassic/orpheon/backend/internal/adapters/event-bus/kafka/kafka.go:92.41,94.3 1 0
github.com/hahaclassic/orpheon/backend/internal/adapters/event-bus/kafka/kafka.go:95.2,95.25 1 0
github.com/hahaclassic/orpheon/backend/internal/app/app.go:88.31,95.16 5 0
github.com/hahaclassic/orpheon/backend/internal/app/app.go:95.16,98.3 2 0
github.com/hahaclassic/orpheon/backend/internal/app/app.go:99.2,102.16 3 0
github.com/hahaclassic/orpheon/backend/internal/app/app.go:102.16,105.3 2 0
github.com/hahaclassic/orpheon/backend/internal/app/app.go:108.2,126.16 18 0
github.com/hahaclassic/orpheon/backend/internal/app/app.go:126.16,129.3 2 0
github.com/hahaclassic/orpheon/backend/internal/app/app.go:131.2,132.16 2 0
github.com/hahaclassic/orpheon/backend/internal/app/app.go:132.16,135.3 2 0
github.com/hahaclassic/orpheon/backend/internal/app/app.go:137.2,138.16 2 0
github.com/hahaclassic/orpheon/backend/internal/app/app.go:138.16,141.3 2 0
github.com/hahaclassic/orpheon/backend/internal/app/app.go:143.2,144.16 2 0
github.com/hahaclassic/orpheon/backend/internal/app/app.go:144.16,147.3 2 0
github.com/hahaclassic/orpheon/backend/internal/app/app.go:149.2,151.16 3 0
github.com/hahaclassic/orpheon/backend/internal/app/app.go:151.16,154.3 2 0
github.com/hahaclassic/orpheon/backend/internal/app/app.go:155.2,289.12 64 0
github.com/hahaclassic/orpheon/backend/internal/app/app.go:289.12,291.77 2 0
github.com/hahaclassic/orpheon/backend/internal/app/app.go:291.77,293.4 1 0
github.com/hahaclassic/orpheon/backend/internal/app/app.go:296.2,302.50 5 0
github.com/hahaclassic/orpheon/backend/internal/app/app.go:302.50,304.3 1 0
github.com/hahaclassic/orpheon/backend/internal/app/app.go:304.8,306.3 1 0
github.com/hahaclassic/orpheon/backend/internal/cli/cli.go:77.31,85.16 6 0
github.com/hahaclassic/orpheon/backend/internal/cli/cli.go:85.16,88.3 2 0
github.com/hahaclassic/orpheon/backend/internal/cli/cli.go:89.2,92.16 3 0
github.com/hahaclassic/orpheon/backend/internal/cli/cli.go:92.16,95.3 2 0
github.com/hahaclassic/orpheon/backend/internal/cli/cli.go:98.2,115.16 17 0
github.com/hahaclassic/orpheon/backend/internal/cli/cli.go:115.16,118.3 2 0
github.com/hahaclassic/orpheon/backend/internal/cli/cli.go:120.2,121.16 2 0
github.com/hahaclassic/orpheon/backend/internal/cli/cli.go:121.16,124.3 2 0
github.com/hahaclassic/orpheon/backend/internal/cli/cli.go:126.2,127.16 2 0
github.com/hahaclassic/orpheon/backend/internal/cli/cli.go:127.16,130.3 2 0
github.com/hahaclassic/orpheon/backend/internal/cli/cli.go:132.2,133.16 2 0
github.com/hahaclassic/orpheon/backend/internal/cli/cli.go:133.16,136.3 2 0
github.com/hahaclassic/orpheon/backend/internal/cli/cli.go:138.2,140.16 3 0
github.com/hahaclassic/orpheon/backend/internal/cli/cli.go:140.16,143.3 2 0
github.com/hahaclassic/orpheon/backend/internal/cli/cli.go:144.2,251.57 76 0
github.com/hahaclassic/orpheon/backend/internal/cli/cli.go:251.57,253.17 2 0
github.com/hahaclassic/orpheon/backend/internal/cli/cli.go:253.17,255.4 1 0
github.com/hahaclassic/orpheon/backend/internal/cli/cli.go:258.2,258.12 1 0
github.com/hahaclassic/orpheon/backend/internal/cli/cli.go:258.12,261.3 2 0
github.com/hahaclassic/orpheon/backend/internal/cli/cli.go:263.2,264.34 2 0
github.com/hahaclassic/orpheon/backend/internal/controller/cli/api/content/album/cover.go:21.95,25.2 1 0
github.com/hahaclassic/orpheon/backend/internal/controller/cli/api/content/album/cover.go:27.65,42.2 1 0
github.com/hahaclassic/orpheon/backend/internal/controller/cli/api/content/album/cover.go:44.68,51.16 6 0
github.com/hahaclassic/orpheon/backend/internal/controller/cli/api/content/album/cover.go:51.16,53.3 1 0
github.com/hahaclassic/orpheon/backend/internal/controller/cli/api/content/album/cover.go:55.2,60.16 5 0
github.com/hahaclassic/orpheon/backend/internal/controller/cli/api/content/album/cover.go:60.16,62.3 1 0
github.com/hahaclassic/orpheon/backend/internal/controller/cli/api/content/album/cover.go:64.2,65.16 2 0
github.com/hahaclassic/orpheon/backend/internal/controller/cli/api/content/album/cover.go:65.16,67.3 1 0
github.com/hahaclassic/orpheon/backend/internal/controller/cli/api/content/album/cover.go:69.2,70.12 2 0
github.com/hahaclassic/orpheon/backend/internal/controller/cli/api/content/album/cover.go:73.71,80.16 6 0
github.com/hahaclassic/orpheon/backend/internal/controller/cli/api/content/album/cover.go:80.16,82.3 1 0
github.com/hahaclassic/orpheon/backend/internal/controller/cli/api/content/album/cover.go:84.2,89.16 5 0
github.com/hahaclassic/orpheon/backend/internal/controller/cli/api/content/album/cover.go:89.16,91.3 1 0
github.com/hahaclassic/orpheon/backend/internal/controller/cli/api/content/album/cover.go:92.2,95.16 3 0
github.com/hahaclassic/orpheon/backend/internal/controller/cli/api/content/album/cover.go:95.16,97.3 1 0
github.com/hahaclassic/orpheon/backend/internal/controller/cli/api/content/album/cover.go:99.2,105.16 3 0
github.com/hahaclassic/orpheon/backend/internal/controller/cli/api/content/album/cover.go:105.16,107.3 1 0
github.com/hahaclassic/orpheon/backend/internal/controller/cli/api/content/album/cover.go:109.2,110.12 2 0
github.com/hahaclassic/orpheon/backend/internal/controller/cli/api/content/album/cover.go:113.71,120.16 6 0
github.com/hahaclassic/orpheon/backend/internal/controller/cli/api/content/album/cover.go:120.16,122.3 1 0
github.com/hahaclassic/orpheon/backend/internal/controller/cli/api/content/album/cover.go:124.2,125.16 2 0
github.com/hahaclassic/orpheon/backend/internal/controller/cli/api/content/album/cover.go:125.16,127.3 1 0
github.com/hahaclassic/orpheon/backend/internal/controller/cli/api/content/album/cover.go:129.2,130.12 2 0
github.com/hahaclassic/orpheon/backend/internal/controller/cli/api/content/album/meta.go:23.138,28.2 1 0
github.com/hahaclassic/orpheon/backend/internal/controller/cli/api/content/album/meta.go:30.64,53.2 1 0
github.com/hahaclassic/orpheon/backend/internal/controller/cli/api/content/album/meta.go:55.70,70.16 12 0
github.com/hahaclassic/orpheon/backend/internal/controller/cli/api/content/album/meta.go:70.16,72.3 1 0
github.com/hahaclassic/orpheon/backend/internal/controller/cli/api/content/album/meta.go:74.2,78.16 5 0
github.com/hahaclassic/orpheon/backend/internal/controller/cli/api/content/album/meta.go:78.16,80.3 1 0
github.com/hahaclassic/orpheon/backend/internal/controller/cli/api/content/album/meta.go:82.2,90.16 3 0
github.com/hahaclassic/orpheon/backend/internal/controller/cli/api/content/album/meta.go:90.16,92.3 1 0
github.com/hahaclassic/orpheon/backend/internal/controller/cli/api/content/album/meta.go:94.2,95.12 2 0
github.com/hahaclassic/orpheon/backend/internal/controller/cli/api/content/album/meta.go:98.71,102.41 3 0
github.com/hahaclassic/orpheon/backend/internal/controller/cli/api/content/album/meta.go:102.41,104.3 1 0
github.com/hahaclassic/orpheon/backend/internal/controller/cli/api/content/album/meta.go:106.2,107.16 2 0
github.com/hahaclassic/orpheon/backend/internal/controller/cli/api/content/album/meta.go:107.16,109.3 1 0
github.com/hahaclassic/orpheon/backend/internal/controller/cli/api/content/album/meta.go:111.2,112.16 2 0
github.com/hahaclassic/orpheon/backend/internal/controller/cli/api/content/album/meta.go:112.16,114.3 1 0
github.com/hahaclassic/orpheon/backend/internal/controller/cli/api/content/album/meta.go:116.2,117.12 2 0
github.com/hahaclassic/orpheon/backend/internal/controller/cli/api/content/album/meta.go:120.71,122.16 2 0
github.com/hahaclassic/orpheon/backend/internal/controller/cli/api/content/album/meta.go:122.16,124.3 1 0
github.com/hahaclassic/orpheon/backend/internal/controller/cli/api/content/album/meta.go:126.2,127.12 2 0
github.com/hahaclassic/orpheon/backend/internal/controller/cli/api/content/album/tracks.go:19.95,21.2 1 0
github.com/hahaclassic/orpheon/backend/internal/controller/cli/api/content/album/tracks.go:23.65,30.2 1 0
github.com/hahaclassic/orpheon/backend/internal/controller/cli/api/content/album/tracks.go:32.72,39.16 6 0
github.com/hahaclassic/orpheon/backend/internal/controller/cli/api/content/album/tracks.go:39.16,41.3 1 0
github.com/hahaclassic/orpheon/backend/internal/controller/cli/api/content/album/tracks.go:43.2,44.16 2 0
github.com/hahaclassic/orpheon/backend/internal/controller/cli/api/content/album/tracks.go:44.16,46.3 1 0
github.com/hahaclassic/orpheon/backend/internal/controller/cli/api/content/album/tracks.go:48.2,50.12 2 0
github.com/hahaclassic/orpheon/backend/internal/config/config.go:94.42,95.17 1 0
github.com/hahaclassic/orpheon/backend/internal/config/config.go:95.17,98.62 3 0
github.com/hahaclassic/orpheon/backend/internal/config/config.go:98.62,100.4 1 0
github.com/hahaclassic/orpheon/backend/internal/config/config.go:102.2,102.12 1 0
github.com/hahaclassic/orpheon/backend/internal/controller/cli/api/auth/auth.go:19.73,23.2 2 0
github.com/hahaclassic/orpheon/backend/internal/controller/cli/api/auth/auth.go:25.59,48.2 1 0
github.com/hahaclassic/orpheon/backend/internal/controller/cli/api/auth/auth.go:50.59,67.16 10 0
github.com/hahaclassic/orpheon/backend/internal/controller/cli/api/auth/auth.go:67.16,69.3 1 0
github.com/hahaclassic/orpheon/backend/internal/controller/cli/api/auth/auth.go:71.2,72.16 2 0
github.com/hahaclassic/orpheon/backend/internal/controller/cli/api/auth/auth.go:72.16,74.3 1 0
github.com/hahaclassic/orpheon/backend/internal/controller/cli/api/auth/auth.go:76.2,80.12 3 0
github.com/hahaclassic/orpheon/backend/internal/controller/cli/api/auth/auth.go:83.62,100.16 10 0
github.com/hahaclassic/orpheon/backend/internal/controller/cli/api/auth/auth.go:100.16,102.3 1 0
github.com/hahaclassic/orpheon/backend/internal/controller/cli/api/auth/auth.go:104.2,105.16 2 0
github.com/hahaclassic/orpheon/backend/internal/controller/cli/api/auth/auth.go:105.16,107.3 1 0
github.com/hahaclassic/orpheon/backend/internal/controller/cli/api/auth/auth.go:109.2,113.12 3 0
github.com/hahaclassic/orpheon/backend/internal/controller/cli/api/auth/auth.go:116.68,117.32 1 0
github.com/hahaclassic/orpheon/backend/internal/controller/cli/api/auth/auth.go:117.32,120.3 2 0
github.com/hahaclassic/orpheon/backend/internal/controller/cli/api/auth/auth.go:122.2,136.39 11 0
github.com/hahaclassic/orpheon/backend/internal/controller/cli/api/auth/auth.go:136.39,138.3 1 0
github.com/hahaclassic/orpheon/backend/internal/controller/cli/api/auth/auth.go:140.2,148.16 4 0
github.com/hahaclassic/orpheon/backend/internal/controller/cli/api/auth/auth.go:148.16,150.3 1 0
github.com/hahaclassic/orpheon/backend/internal/controller/cli/api/auth/auth.go:152.2,154.12 2 0
github.com/hahaclassic/orpheon/backend/internal/controller/cli/api/auth/auth.go:157.60,159.16 2 0
github.com/hahaclassic/orpheon/backend/internal/controller/cli/api/auth/auth.go:159.16,161.3 1 0
github.com/hahaclassic/orpheon/backend/internal/controller/cli/api/auth/auth.go:163.2,167.12 3 0
github.com/hahaclassic/orpheon/backend/internal/controller/cli/api/auth/auth.go:170.66,172.16 2 0
github.com/hahaclassic/orpheon/backend/internal/controller/cli/api/auth/auth.go:172.16,174.3 1 0
github.com/hahaclassic/orpheon/backend/internal/controller/cli/api/auth/auth.go:176.2,177.16 2 0
github.com/hahaclassic/orpheon/backend/internal/controller/cli/api/auth/auth.go:177.16,179.3 1 0
github.com/hahaclassic/orpheon/backend/internal/controller/cli/api/auth/auth.go:181.2,185.12 3 0
github.com/hahaclassic/orpheon/backend/internal/controller/cli/api/content/artist/assign.go:20.104,24.2 1 0
github.com/hahaclassic/orpheon/backend/internal/controller/cli/api/content/artist/assign.go:26.73,41.2 1 0
github.com/hahaclassic/orpheon/backend/internal/controller/cli/api/content/artist/assign.go:43.73,58.2 1 0
github.com/hahaclassic/orpheon/backend/internal/controller/cli/api/content/artist/assign.go:60.70,67.16 6 0
github.com/hahaclassic/orpheon/backend/internal/controller/cli/api/content/artist/assign.go:67.16,69.3 1 0
github.com/hahaclassic/orpheon/backend/internal/controller/cli/api/content/artist/assign.go:71.2,75.16 5 0
github.com/hahaclassic/orpheon/backend/internal/controller/cli/api/content/artist/assign.go:75.16,77.3 1 0
github.com/hahaclassic/orpheon/backend/internal/controller/cli/api/content/artist/assign.go:79.2,80.16 2 0
github.com/hahaclassic/orpheon/backend/internal/controller/cli/api/content/artist/assign.go:80.16,82.3 1 0
github.com/hahaclassic/orpheon/backend/internal/controller/cli/api/content/artist/assign.go:84.2,85.12 2 0
github.com/hahaclassic/orpheon/backend/internal/controller/cli/api/content/artist/assign.go:88.77,95.16 6 0
github.com/hahaclassic/orpheon/backend/internal/controller/cli/api/content/artist/assign.go:95.16,97.3 1 0
github.com/hahaclassic/orpheon/backend/internal/controller/cli/api/content/artist/assign.go:99.2,100.16 2 0
github.com/hahaclassic/orpheon/backend/internal/controller/cli/api/content/artist/assign.go:100.16,102.3 1 0
github.com/hahaclassic/orpheon/backend/internal/controller/cli/api/content/artist/assign.go:104.2,105.12 2 0
github.com/hahaclassic/orpheon/backend/internal/controller/cli/api/content/artist/assign.go:108.77,115.16 6 0
github.com/hahaclassic/orpheon/backend/internal/controller/cli/api/content/artist/assign.go:115.16,117.3 1 0
github.com/hahaclassic/orpheon/backend/internal/controller/cli/api/content/artist/assign.go:119.2,120.16 2 0
github.com/hahaclassic/orpheon/backend/internal/controller/cli/api/content/artist/assign.go:120.16,122.3 1 0
github.com/hahaclassic/orpheon/backend/internal/controller/cli/api/content/artist/assign.go:124.2,125.12 2 0
github.com/hahaclassic/orpheon/backend/internal/controller/cli/api/content/artist/assign.go:128.70,135.16 6 0
github.com/hahaclassic/orpheon/backend/internal/controller/cli/api/content/artist/assign.go:135.16,137.3 1 0
github.com/hahaclassic/orpheon/backend/internal/controller/cli/api/content/artist/assign.go:139.2,143.16 5 0
github.com/hahaclassic/orpheon/backend/internal/controller/cli/api/content/artist/assign.go:143.16,145.3 1 0
github.com/hahaclassic/orpheon/backend/internal/controller/cli/api/content/artist/assign.go:147.2,148.16 2 0
github.com/hahaclassic/orpheon/backend/internal/controller/cli/api/content/artist/assign.go:148.16,150.3 1 0
github.com/hahaclassic/orpheon/backend/internal/controller/cli/api/content/artist/assign.go:152.2,153.12 2 0
github.com/hahaclassic/orpheon/backend/internal/controller/cli/api/content/artist/assign.go:156.73,163.16 6 0
github.com/hahaclassic/orpheon/backend/internal/controller/cli/api/content/artist/assign.go:163.16,165.3 1 0
github.com/hahaclassic/orpheon/backend/internal/controller/cli/api/content/artist/assign.go:167.2,171.16 5 0
github.com/hahaclassic/orpheon/backend/internal/controller/cli/api/content/artist/assign.go:171.16,173.3 1 0
github.com/hahaclassic/orpheon/backend/internal/controller/cli/api/content/artist/assign.go:175.2,176.16 2 0
github.com/hahaclassic/orpheon/backend/internal/controller/cli/api/content/artist/assign.go:176.16,178.3 1 0
github.com/hahaclassic/orpheon/backend/internal/controller/cli/api/content/artist/assign.go:180.2,181.12 2 0
github.com/hahaclassic/orpheon/backend/internal/controller/cli/api/content/artist/assign.go:184.73,191.16 6 0
github.com/hahaclassic/orpheon/backend/internal/controller/cli/api/content/artist/assign.go:191.16,193.3 1 0
github.com/hahaclassic/orpheon/backend/internal/controller/cli/api/content/artist/assign.go:195.2,199.16 5 0
github.com/hahaclassic/orpheon/backend/internal/controller/cli/api/content/artist/assign.go:199.16,201.3 1 0
github.com/hahaclassic/orpheon/backend/internal/controller/cli/api/content/artist/assign.go:203.2,204.16 2 0
github.com/hahaclassic/orpheon/backend/internal/controller/cli/api/content/artist/assign.go:204.16,206.3 1 0
github.com/hahaclassic/orpheon/backend/internal/controller/cli/api/content/artist/assign.go:208.2,209.12 2 0
github.com/hahaclassic/orpheon/backend/internal/controller/cli/api/content/artist/avatar.go:21.104,25.2 1 0
github.com/hahaclassic/orpheon/backend/internal/controller/cli/api/content/artist/avatar.go:27.67,42.2 1 0
github.com/hahaclassic/orpheon/backend/internal/controller/cli/api/content/artist/avatar.go:44.74,51.16 6 0
github.com/hahaclassic/orpheon/backend/internal/controller/cli/api/content/artist/avatar.go:51.16,53.3 1 0
github.com/hahaclassic/orpheon/backend/internal/controller/cli/api/content/artist/avatar.go:55.2,60.16 5 0
github.com/hahaclassic/orpheon/backend/internal/controller/cli/api/content/artist/avatar.go:60.16,62.3 1 0
github.com/hahaclassic/orpheon/backend/internal/controller/cli/api/content/artist/avatar.go:63.2,66.16 3 0
github.com/hahaclassic/orpheon/backend/internal/controller/cli/api/content/artist/avatar.go:66.16,68.3 1 0
github.com/hahaclassic/orpheon/backend/internal/controller/cli/api/content/artist/avatar.go:70.2,76.16 3 0
github.com/hahaclassic/orpheon/backend/internal/controller/cli/api/content/artist/avatar.go:76.16,78.3 1 0
github.com/hahaclassic/orpheon/backend/internal/controller/cli/api/content/artist/avatar.go:80.2,81.12 2 0
github.com/hahaclassic/orpheon/backend/internal/controller/cli/api/content/artist/avatar.go:84.71,91.16 6 0
github.com/hahaclassic/orpheon/backend/internal/controller/cli/api/content/artist/avatar.go:91.16,93.3 1 0
github.com/hahaclassic/orpheon/backend/internal/controller/cli/api/content/artist/avatar.go:95.2,100.16 5 0
github.com/hahaclassic/orpheon/backend/internal/controller/cli/api/content/artist/avatar.go:100.16,102.3 1 0
github.com/hahaclassic/orpheon/backend/internal/controller/cli/api/content/artist/avatar.go:103.2,106.16 3 0
github.com/hahaclassic/orpheon/backend/internal/controller/cli/api/content/artist/avatar.go:106.16,108.3 1 0
github.com/hahaclassic/orpheon/backend/internal/controller/cli/api/content/artist/avatar.go:110.2,111.16 2 0
github.com/hahaclassic/orpheon/backend/internal/controller/cli/api/content/artist/avatar.go:111.16,113.3 1 0
github.com/hahaclassic/orpheon/backend/internal/controller/cli/api/content/artist/avatar.go:115.2,116.12 2 0
github.com/hahaclassic/orpheon/backend/internal/controller/cli/api/content/artist/avatar.go:119.74,126.16 6 0
github.com/hahaclassic/orpheon/backend/internal/controller/cli/api/content/artist/avatar.go:126.16,128.3 1 0
github.com/hahaclassic/orpheon/backend/internal/controller/cli/api/content/artist/avatar.go:130.2,131.16 2 0
github.com/hahaclassic/orpheon/backend/internal/controller/cli/api/content/artist/avatar.go:131.16,133.3 1 0
github.com/hahaclassic/orpheon/backend/internal/controller/cli/api/content/artist/avatar.go:135.2,136.12 2 0
github.com/hahaclassic/orpheon/backend/internal/controller/cli/api/content/artist/meta.go:21.93,25.2 1 0
github.com/hahaclassic/orpheon/backend/internal/controller/cli/api/content/artist/meta.go:27.65,50.2 1 0
github.com/hahaclassic/orpheon/backend/internal/controller/cli/api/content/artist/meta.go:52.76,76.16 14 0
github.com/hahaclassic/orpheon/backend/internal/controller/cli/api/content/artist/meta.go:76.16,78.3 1 0
github.com/hahaclassic/orpheon/backend/internal/controller/cli/api/content/artist/meta.go:80.2,81.12 2 0
github.com/hahaclassic/orpheon/backend/internal/controller/cli/api/content/artist/meta.go:84.77,88.41 3 0
github.com/hahaclassic/orpheon/backend/internal/controller/cli/api/content/artist/meta.go:88.41,90.3 1 0
github.com/hahaclassic/orpheon/backend/internal/controller/cli/api/content/artist/meta.go:92.2,93.16 2 0
github.com/hahaclassic/orpheon/backend/internal/controller/cli/api/content/artist/meta.go:93.16,95.3 1 0
github.com/hahaclassic/orpheon/backend/internal/controller/cli/api/content/artist/meta.go:97.2,98.16 2 0
github.com/hahaclassic/orpheon/backend/internal/controller/cli/api/content/artist/meta.go:98.16,100.3 1 0
github.com/hahaclassic/orpheon/backend/internal/controller/cli/api/content/artist/meta.go:102.2,103.12 2 0
github.com/hahaclassic/orpheon/backend/internal/controller/cli/api/content/artist/meta.go:106.76,108.16 2 0
github.com/hahaclassic/orpheon/backend/internal/controller/cli/api/content/artist/meta.go:108.16,110.3 1 0
github.com/hahaclassic/orpheon/backend/internal/controller/cli/api/content/artist/meta.go:112.2,114.12 2 0
github.com/hahaclassic/orpheon/backend/internal/controller/cli/api/content/artist/meta.go:117.76,133.16 12 0
github.com/hahaclassic/orpheon/backend/internal/controller/cli/api/content/artist/meta.go:133.16,135.3 1 0
github.com/hahaclassic/orpheon/backend/internal/controller/cli/api/content/artist/meta.go:137.2,146.16 4 0
github.com/hahaclassic/orpheon/backend/internal/controller/cli/api/content/artist/meta.go:146.16,148.3 1 0
github.com/hahaclassic/orpheon/backend/internal/controller/cli/api/content/artist/meta.go:150.2,151.12 2 0
github.com/hahaclassic/orpheon/backend/internal/controller/cli/api/content/artist/meta.go:154.76,158.41 3 0
github.com/hahaclassic/orpheon/backend/internal/controller/cli/api/content/artist/meta.go:158.41,160.3 1 0
github.com/hahaclassic/orpheon/backend/internal/controller/cli/api/content/artist/meta.go:162.2,163.16 2 0
github.com/hahaclassic/orpheon/backend/internal/controller/cli/api/content/artist/meta.go:163.16,165.3 1 0
github.com/hahaclassic/orpheon/backend/internal/controller/cli/api/content/artist/meta.go:167.2,170.16 3 0
github.com/hahaclassic/orpheon/backend/internal/controller/cli/api/content/artist/meta.go:170.16,172.3 1 0
github.com/hahaclassic/orpheon/backend/internal/controller/cli/api/content/artist/meta.go:174.2,175.12 2 0
github.com/hahaclassic/orpheon/backend/internal/controller/cli/api/content/genre/genre.go:21.77,25.2 1 0
github.com/hahaclassic/orpheon/backend/internal/controller/cli/api/content/genre/genre.go:27.60,50.2 1 0
github.com/hahaclassic/orpheon/backend/internal/controller/cli/api/content/genre/genre.go:52.66,66.16 8 0
github.com/hahaclassic/orpheon/backend/internal/controller/cli/api/content/genre/genre.go:66.16,68.3 1 0
github.com/hahaclassic/orpheon/backend/internal/controller/cli/api/content/genre/genre.go:70.2,71.12 2 0
github.com/hahaclassic/orpheon/backend/internal/controller/cli/api/content/genre/genre.go:74.67,82.16 6 0
github.com/hahaclassic/orpheon/backend/internal/controller/cli/api/content/genre/genre.go:82.16,84.3 1 0
github.com/hahaclassic/orpheon/backend/internal/controller/cli/api/content/genre/genre.go:86.2,87.16 2 0
github.com/hahaclassic/orpheon/backend/internal/controller/cli/api/content/genre/genre.go:87.16,89.3 1 0
github.com/hahaclassic/orpheon/backend/internal/controller/cli/api/content/genre/genre.go:91.2,92.12 2 0
github.com/hahaclassic/orpheon/backend/internal/controller/cli/api/content/genre/genre.go:95.67,97.16 2 0
github.com/hahaclassic/orpheon/backend/internal/controller/cli/api/content/genre/genre.go:97.16,99.3 1 0
github.com/hahaclassic/orpheon/backend/internal/controller/cli/api/content/genre/genre.go:101.2,103.12 2 0
github.com/hahaclassic/orpheon/backend/internal/controller/cli/api/content/genre/genre.go:106.66,118.16 9 0
github.com/hahaclassic/orpheon/backend/internal/controller/cli/api/content/genre/genre.go:118.16,120.3 1 0
github.com/hahaclassic/orpheon/backend/internal/controller/cli/api/content/genre/genre.go:122.2,130.16 4 0
github.com/hahaclassic/orpheon/backend/internal/controller/cli/api/content/genre/genre.go:130.16,132.3 1 0
github.com/hahaclassic/orpheon/backend/internal/controller/cli/api/content/genre/genre.go:134.2,135.12 2 0
github.com/hahaclassic/orpheon/backend/internal/controller/cli/api/content/genre/genre.go:138.66,146.16 6 0
github.com/hahaclassic/orpheon/backend/internal/controller/cli/api/content/genre/genre.go:146.16,148.3 1 0
github.com/hahaclassic/orpheon/backend/internal/controller/cli/api/content/genre/genre.go:150.2,153.16 3 0
github.com/hahaclassic/orpheon/backend/internal/controller/cli/api/content/genre/genre.go:153.16,155.3 1 0
github.com/hahaclassic/orpheon/backend/internal/controller/cli/api/content/genre/genre.go:157.2,158.12 2 0
github.com/hahaclassic/orpheon/backend/internal/controller/cli/api/content/search/search.go:22.80,26.2 1 0
github.com/hahaclassic/orpheon/backend/internal/controller/cli/api/content/search/search.go:28.61,47.2 1 0
github.com/hahaclassic/orpheon/backend/internal/controller/cli/api/content/search/search.go:49.74,51.16 2 0
github.com/hahaclassic/orpheon/backend/internal/controller/cli/api/content/search/search.go:51.16,53.3 1 0
github.com/hahaclassic/orpheon/backend/internal/controller/cli/api/content/search/search.go:55.2,56.16 2 0
github.com/hahaclassic/orpheon/backend/internal/controller/cli/api/content/search/search.go:56.16,58.3 1 0
github.com/hahaclassic/orpheon/backend/internal/controller/cli/api/content/search/search.go:60.2,61.12 2 0
github.com/hahaclassic/orpheon/backend/internal/controller/cli/api/content/search/search.go:64.74,66.16 2 0
github.com/hahaclassic/orpheon/backend/internal/controller/cli/api/content/search/search.go:66.16,68.3 1 0
github.com/hahaclassic/orpheon/backend/internal/controller/cli/api/content/search/search.go:70.2,71.16 2 0
github.com/hahaclassic/orpheon/backend/internal/controller/cli/api/content/search/search.go:71.16,73.3 1 0
github.com/hahaclassic/orpheon/backend/internal/controller/cli/api/content/search/search.go:75.2,76.12 2 0
github.com/hahaclassic/orpheon/backend/internal/controller/cli/api/content/search/search.go:79.69,81.16 2 0
github.com/hahaclassic/orpheon/backend/internal/controller/cli/api/content/search/search.go:81.16,83.3 1 0
github.com/hahaclassic/orpheon/backend/internal/controller/cli/api/content/search/search.go:85.2,86.16 2 0
github.com/hahaclassic/orpheon/backend/internal/controller/cli/api/content/search/search.go:86.16,88.3 1 0
github.com/hahaclassic/orpheon/backend/internal/controller/cli/api/content/search/search.go:90.2,91.12 2 0
github.com/hahaclassic/orpheon/backend/internal/controller/cli/api/content/search/search.go:94.71,96.16 2 0
github.com/hahaclassic/orpheon/backend/internal/controller/cli/api/content/search/search.go:96.16,98.3 1 0
github.com/hahaclassic/orpheon/backend/internal/controller/cli/api/content/search/search.go:100.2,101.16 2 0
github.com/hahaclassic/orpheon/backend/internal/controller/cli/api/content/search/search.go:101.16,103.3 1 0
github.com/hahaclassic/orpheon/backend/internal/controller/cli/api/content/search/search.go:105.2,106.12 2 0
github.com/hahaclassic/orpheon/backend/internal/controller/cli/api/content/search/search.go:109.80,126.16 14 0
github.com/hahaclassic/orpheon/backend/internal/controller/cli/api/content/search/search.go:126.16,128.3 1 0
github.com/hahaclassic/orpheon/backend/internal/controller/cli/api/content/search/search.go:130.2,134.20 5 0
github.com/hahaclassic/orpheon/backend/internal/controller/cli/api/content/search/search.go:134.20,136.17 2 0
github.com/hahaclassic/orpheon/backend/internal/controller/cli/api/content/search/search.go:136.17,138.4 1 0
github.com/hahaclassic/orpheon/backend/internal/controller/cli/api/content/search/search.go:139.8,141.3 1 0
github.com/hahaclassic/orpheon/backend/internal/controller/cli/api/content/search/search.go:143.2,147.21 5 0
github.com/hahaclassic/orpheon/backend/internal/controller/cli/api/content/search/search.go:147.21,149.17 2 0
github.com/hahaclassic/orpheon/backend/internal/controller/cli/api/content/search/search.go:149.17,151.4 1 0
github.com/hahaclassic/orpheon/backend/internal/controller/cli/api/content/search/search.go:152.8,154.3 1 0
github.com/hahaclassic/orpheon/backend/internal/controller/cli/api/content/search/search.go:156.2,166.23 2 0
github.com/hahaclassic/orpheon/backend/internal/controller/cli/api/content/license/license.go:21.85,25.2 1 0
github.com/hahaclassic/orpheon/backend/internal/controller/cli/api/content/license/license.go:27.62,50.2 1 0
github.com/hahaclassic/orpheon/backend/internal/controller/cli/api/content/license/license.go:52.70,71.16 11 0
github.com/hahaclassic/orpheon/backend/internal/controller/cli/api/content/license/license.go:71.16,73.3 1 0
github.com/hahaclassic/orpheon/backend/internal/controller/cli/api/content/license/license.go:75.2,76.12 2 0
github.com/hahaclassic/orpheon/backend/internal/controller/cli/api/content/license/license.go:79.71,83.41 3 0
github.com/hahaclassic/orpheon/backend/internal/controller/cli/api/content/license/license.go:83.41,85.3 1 0
github.com/hahaclassic/orpheon/backend/internal/controller/cli/api/content/license/license.go:87.2,88.16 2 0
github.com/hahaclassic/orpheon/backend/internal/controller/cli/api/content/license/license.go:88.16,90.3 1 0
github.com/hahaclassic/orpheon/backend/internal/controller/cli/api/content/license/license.go:92.2,93.16 2 0
github.com/hahaclassic/orpheon/backend/internal/controller/cli/api/content/license/license.go:93.16,95.3 1 0
github.com/hahaclassic/orpheon/backend/internal/controller/cli/api/content/license/license.go:97.2,98.12 2 0
github.com/hahaclassic/orpheon/backend/internal/controller/cli/api/content/license/license.go:101.71,103.16 2 0
github.com/hahaclassic/orpheon/backend/internal/controller/cli/api/content/license/license.go:103.16,105.3 1 0
github.com/hahaclassic/orpheon/backend/internal/controller/cli/api/content/license/license.go:107.2,109.12 2 0
github.com/hahaclassic/orpheon/backend/internal/controller/cli/api/content/license/license.go:112.70,128.16 12 0
github.com/hahaclassic/orpheon/backend/internal/controller/cli/api/content/license/license.go:128.16,130.3 1 0
github.com/hahaclassic/orpheon/backend/internal/controller/cli/api/content/license/license.go:132.2,141.16 4 0
github.com/hahaclassic/orpheon/backend/internal/controller/cli/api/content/license/license.go:141.16,143.3 1 0
github.com/hahaclassic/orpheon/backend/internal/controller/cli/api/content/license/license.go:145.2,146.12 2 0
github.com/hahaclassic/orpheon/backend/internal/controller/cli/api/content/license/license.go:149.70,153.41 3 0
github.com/hahaclassic/orpheon/backend/internal/controller/cli/api/content/license/license.go:153.41,155.3 1 0
github.com/hahaclassic/orpheon/backend/internal/controller/cli/api/content/license/license.go:157.2,158.16 2 0
github.com/hahaclassic/orpheon/backend/internal/controller/cli/api/content/license/license.go:158.16,160.3 1 0
github.com/hahaclassic/orpheon/backend/internal/controller/cli/api/content/license/license.go:162.2,165.16 3 0
github.com/hahaclassic/orpheon/backend/internal/controller/cli/api/content/license/license.go:165.16,167.3 1 0
github.com/hahaclassic/orpheon/backend/internal/controller/cli/api/content/license/license.go:169.2,170.12 2 0
github.com/hahaclassic/orpheon/backend/internal/controller/cli/api/content/track/audio.go:22.93,26.2 1 0
github.com/hahaclassic/orpheon/backend/internal/controller/cli/api/content/track/audio.go:28.65,43.2 1 0
github.com/hahaclassic/orpheon/backend/internal/controller/cli/api/content/track/audio.go:45.71,52.16 6 0
github.com/hahaclassic/orpheon/backend/internal/controller/cli/api/content/track/audio.go:52.16,54.3 1 0
github.com/hahaclassic/orpheon/backend/internal/controller/cli/api/content/track/audio.go:56.2,61.16 5 0
github.com/hahaclassic/orpheon/backend/internal/controller/cli/api/content/track/audio.go:61.16,63.3 1 0
github.com/hahaclassic/orpheon/backend/internal/controller/cli/api/content/track/audio.go:64.2,67.16 3 0
github.com/hahaclassic/orpheon/backend/internal/controller/cli/api/content/track/audio.go:67.16,69.3 1 0
github.com/hahaclassic/orpheon/backend/internal/controller/cli/api/content/track/audio.go:71.2,79.16 3 0
github.com/hahaclassic/orpheon/backend/internal/controller/cli/api/content/track/audio.go:79.16,81.3 1 0
github.com/hahaclassic/orpheon/backend/internal/controller/cli/api/content/track/audio.go:83.2,84.12 2 0
github.com/hahaclassic/orpheon/backend/internal/controller/cli/api/content/track/audio.go:87.68,94.16 6 0
github.com/hahaclassic/orpheon/backend/internal/controller/cli/api/content/track/audio.go:94.16,96.3 1 0
github.com/hahaclassic/orpheon/backend/internal/controller/cli/api/content/track/audio.go:98.2,103.16 5 0
github.com/hahaclassic/orpheon/backend/internal/controller/cli/api/content/track/audio.go:103.16,105.3 1 0
github.com/hahaclassic/orpheon/backend/internal/controller/cli/api/content/track/audio.go:106.2,113.16 3 0
github.com/hahaclassic/orpheon/backend/internal/controller/cli/api/content/track/audio.go:113.16,115.3 1 0
github.com/hahaclassic/orpheon/backend/internal/controller/cli/api/content/track/audio.go:117.2,118.16 2 0
github.com/hahaclassic/orpheon/backend/internal/controller/cli/api/content/track/audio.go:118.16,120.3 1 0
github.com/hahaclassic/orpheon/backend/internal/controller/cli/api/content/track/audio.go:122.2,123.12 2 0
github.com/hahaclassic/orpheon/backend/internal/controller/cli/api/content/track/audio.go:126.71,133.16 6 0
github.com/hahaclassic/orpheon/backend/internal/controller/cli/api/content/track/audio.go:133.16,135.3 1 0
github.com/hahaclassic/orpheon/backend/internal/controller/cli/api/content/track/audio.go:137.2,138.16 2 0
github.com/hahaclassic/orpheon/backend/internal/controller/cli/api/content/track/audio.go:138.16,140.3 1 0
github.com/hahaclassic/orpheon/backend/internal/controller/cli/api/content/track/audio.go:142.2,143.12 2 0
github.com/hahaclassic/orpheon/backend/internal/controller/cli/api/content/track/meta.go:21.91,25.2 1 0
github.com/hahaclassic/orpheon/backend/internal/controller/cli/api/content/track/meta.go:27.64,46.2 1 0
github.com/hahaclassic/orpheon/backend/internal/controller/cli/api/content/track/meta.go:48.74,57.47 7 0
github.com/hahaclassic/orpheon/backend/internal/controller/cli/api/content/track/meta.go:57.47,59.3 1 0
github.com/hahaclassic/orpheon/backend/internal/controller/cli/api/content/track/meta.go:61.2,65.16 5 0
github.com/hahaclassic/orpheon/backend/internal/controller/cli/api/content/track/meta.go:65.16,67.3 1 0
github.com/hahaclassic/orpheon/backend/internal/controller/cli/api/content/track/meta.go:69.2,71.47 3 0
github.com/hahaclassic/orpheon/backend/internal/controller/cli/api/content/track/meta.go:71.47,73.3 1 0
github.com/hahaclassic/orpheon/backend/internal/controller/cli/api/content/track/meta.go:75.2,79.16 5 0
github.com/hahaclassic/orpheon/backend/internal/controller/cli/api/content/track/meta.go:79.16,81.3 1 0
github.com/hahaclassic/orpheon/backend/internal/controller/cli/api/content/track/meta.go:83.2,87.16 5 0
github.com/hahaclassic/orpheon/backend/internal/controller/cli/api/content/track/meta.go:87.16,89.3 1 0
github.com/hahaclassic/orpheon/backend/internal/controller/cli/api/content/track/meta.go:91.2,101.16 3 0
github.com/hahaclassic/orpheon/backend/internal/controller/cli/api/content/track/meta.go:101.16,103.3 1 0
github.com/hahaclassic/orpheon/backend/internal/controller/cli/api/content/track/meta.go:105.2,106.12 2 0
github.com/hahaclassic/orpheon/backend/internal/controller/cli/api/content/track/meta.go:109.75,113.41 3 0
github.com/hahaclassic/orpheon/backend/internal/controller/cli/api/content/track/meta.go:113.41,115.3 1 0
github.com/hahaclassic/orpheon/backend/internal/controller/cli/api/content/track/meta.go:117.2,118.16 2 0
github.com/hahaclassic/orpheon/backend/internal/controller/cli/api/content/track/meta.go:118.16,120.3 1 0
github.com/hahaclassic/orpheon/backend/internal/controller/cli/api/content/track/meta.go:122.2,123.16 2 0
github.com/hahaclassic/orpheon/backend/internal/controller/cli/api/content/track/meta.go:123.16,125.3 1 0
github.com/hahaclassic/orpheon/backend/internal/controller/cli/api/content/track/meta.go:127.2,128.12 2 0
github.com/hahaclassic/orpheon/backend/internal/controller/cli/api/content/track/meta.go:131.74,144.47 10 0
github.com/hahaclassic/orpheon/backend/internal/controller/cli/api/content/track/meta.go:144.47,146.3 1 0
github.com/hahaclassic/orpheon/backend/internal/controller/cli/api/content/track/meta.go:148.2,150.47 3 0
github.com/hahaclassic/orpheon/backend/internal/controller/cli/api/content/track/meta.go:150.47,152.3 1 0
github.com/hahaclassic/orpheon/backend/internal/controller/cli/api/content/track/meta.go:154.2,158.16 5 0
github.com/hahaclassic/orpheon/backend/internal/controller/cli/api/content/track/meta.go:158.16,160.3 1 0
github.com/hahaclassic/orpheon/backend/internal/controller/cli/api/content/track/meta.go:162.2,166.16 5 0
github.com/hahaclassic/orpheon/backend/internal/controller/cli/api/content/track/meta.go:166.16,168.3 1 0
github.com/hahaclassic/orpheon/backend/internal/controller/cli/api/content/track/meta.go:170.2,171.16 2 0
github.com/hahaclassic/orpheon/backend/internal/controller/cli/api/content/track/meta.go:171.16,173.3 1 0
github.com/hahaclassic/orpheon/backend/internal/controller/cli/api/content/track/meta.go:175.2,187.16 4 0
github.com/hahaclassic/orpheon/backend/internal/controller/cli/api/content/track/meta.go:187.16,189.3 1 0
github.com/hahaclassic/orpheon/backend/internal/controller/cli/api/content/track/meta.go:191.2,192.12 2 0
github.com/hahaclassic/orpheon/backend/internal/controller/cli/api/content/track/meta.go:195.74,199.41 3 0
github.com/hahaclassic/orpheon/backend/internal/controller/cli/api/content/track/meta.go:199.41,201.3 1 0
github.com/hahaclassic/orpheon/backend/internal/controller/cli/api/content/track/meta.go:203.2,204.16 2 0
github.com/hahaclassic/orpheon/backend/internal/controller/cli/api/content/track/meta.go:204.16,206.3 1 0
github.com/hahaclassic/orpheon/backend/internal/controller/cli/api/content/track/meta.go:208.2,211.16 3 0
github.com/hahaclassic/orpheon/backend/internal/controller/cli/api/content/track/meta.go:211.16,213.3 1 0
github.com/hahaclassic/orpheon/backend/internal/controller/cli/api/content/track/meta.go:215.2,216.12 2 0
github.com/hahaclassic/orpheon/backend/internal/controller/cli/api/content/track/segment.go:19.98,23.2 1 0
github.com/hahaclassic/orpheon/backend/internal/controller/cli/api/content/track/segment.go:25.67,32.2 1 0
github.com/hahaclassic/orpheon/backend/internal/controller/cli/api/content/track/segment.go:34.78,41.16 6 0
github.com/hahaclassic/orpheon/backend/internal/controller/cli/api/content/track/segment.go:41.16,43.3 1 0
github.com/hahaclassic/orpheon/backend/internal/controller/cli/api/content/track/segment.go:45.2,46.16 2 0
github.com/hahaclassic/orpheon/backend/internal/controller/cli/api/content/track/segment.go:46.16,48.3 1 0
github.com/hahaclassic/orpheon/backend/internal/controller/cli/api/content/track/segment.go:113.2,114.12 2 0
github.com/hahaclassic/orpheon/backend/internal/controller/cli/api/content/playlist/cover.go:20.110,24.2 1 0
github.com/hahaclassic/orpheon/backend/internal/controller/cli/api/content/playlist/cover.go:26.68,41.2 1 0
github.com/hahaclassic/orpheon/backend/internal/controller/cli/api/content/playlist/cover.go:43.74,44.32 1 0
github.com/hahaclassic/orpheon/backend/internal/controller/cli/api/content/playlist/cover.go:44.32,47.3 2 0
github.com/hahaclassic/orpheon/backend/internal/controller/cli/api/content/playlist/cover.go:49.2,51.41 3 0
github.com/hahaclassic/orpheon/backend/internal/controller/cli/api/content/playlist/cover.go:51.41,53.3 1 0
github.com/hahaclassic/orpheon/backend/internal/controller/cli/api/content/playlist/cover.go:55.2,56.16 2 0
github.com/hahaclassic/orpheon/backend/internal/controller/cli/api/content/playlist/cover.go:56.16,58.3 1 0
github.com/hahaclassic/orpheon/backend/internal/controller/cli/api/content/playlist/cover.go:60.2,67.16 6 0
github.com/hahaclassic/orpheon/backend/internal/controller/cli/api/content/playlist/cover.go:67.16,69.3 1 0
github.com/hahaclassic/orpheon/backend/internal/controller/cli/api/content/playlist/cover.go:71.2,77.16 3 0
github.com/hahaclassic/orpheon/backend/internal/controller/cli/api/content/playlist/cover.go:77.16,79.3 1 0
github.com/hahaclassic/orpheon/backend/internal/controller/cli/api/content/playlist/cover.go:81.2,82.12 2 0
github.com/hahaclassic/orpheon/backend/internal/controller/cli/api/content/playlist/cover.go:85.71,88.41 3 0
github.com/hahaclassic/orpheon/backend/internal/controller/cli/api/content/playlist/cover.go:88.41,90.3 1 0
github.com/hahaclassic/orpheon/backend/internal/controller/cli/api/content/playlist/cover.go:92.2,93.16 2 0
github.com/hahaclassic/orpheon/backend/internal/controller/cli/api/content/playlist/cover.go:93.16,95.3 1 0
github.com/hahaclassic/orpheon/backend/internal/controller/cli/api/content/playlist/cover.go:97.2,98.16 2 0
github.com/hahaclassic/orpheon/backend/internal/controller/cli/api/content/playlist/cover.go:98.16,100.3 1 0
github.com/hahaclassic/orpheon/backend/internal/controller/cli/api/content/playlist/cover.go:102.2,108.16 6 0
github.com/hahaclassic/orpheon/backend/internal/controller/cli/api/content/playlist/cover.go:108.16,110.3 1 0
github.com/hahaclassic/orpheon/backend/internal/controller/cli/api/content/playlist/cover.go:112.2,113.12 2 0
github.com/hahaclassic/orpheon/backend/internal/controller/cli/api/content/playlist/cover.go:116.74,117.32 1 0
github.com/hahaclassic/orpheon/backend/internal/controller/cli/api/content/playlist/cover.go:117.32,120.3 2 0
github.com/hahaclassic/orpheon/backend/internal/controller/cli/api/content/playlist/cover.go:122.2,124.41 3 0
github.com/hahaclassic/orpheon/backend/internal/controller/cli/api/content/playlist/cover.go:124.41,126.3 1 0
github.com/hahaclassic/orpheon/backend/internal/controller/cli/api/content/playlist/cover.go:128.2,129.16 2 0
github.com/hahaclassic/orpheon/backend/internal/controller/cli/api/content/playlist/cover.go:129.16,131.3 1 0
github.com/hahaclassic/orpheon/backend/internal/controller/cli/api/content/playlist/cover.go:133.2,134.16 2 0
github.com/hahaclassic/orpheon/backend/internal/controller/cli/api/content/playlist/cover.go:134.16,136.3 1 0
github.com/hahaclassic/orpheon/backend/internal/controller/cli/api/content/playlist/cover.go:138.2,139.12 2 0
github.com/hahaclassic/orpheon/backend/internal/controller/cli/api/content/playlist/favorites.go:18.122,22.2 1 0
github.com/hahaclassic/orpheon/backend/internal/controller/cli/api/content/playlist/favorites.go:24.71,39.2 1 0
github.com/hahaclassic/orpheon/backend/internal/controller/cli/api/content/playlist/favorites.go:41.80,42.32 1 0
github.com/hahaclassic/orpheon/backend/internal/controller/cli/api/content/playlist/favorites.go:42.32,45.3 2 0
github.com/hahaclassic/orpheon/backend/internal/controller/cli/api/content/playlist/favorites.go:47.2,49.41 3 0
github.com/hahaclassic/orpheon/backend/internal/controller/cli/api/content/playlist/favorites.go:49.41,51.3 1 0
github.com/hahaclassic/orpheon/backend/internal/controller/cli/api/content/playlist/favorites.go:53.2,54.16 2 0
github.com/hahaclassic/orpheon/backend/internal/controller/cli/api/content/playlist/favorites.go:54.16,56.3 1 0
github.com/hahaclassic/orpheon/backend/internal/controller/cli/api/content/playlist/favorites.go:58.2,59.16 2 0
github.com/hahaclassic/orpheon/backend/internal/controller/cli/api/content/playlist/favorites.go:59.16,61.3 1 0
github.com/hahaclassic/orpheon/backend/internal/controller/cli/api/content/playlist/favorites.go:63.2,64.12 2 0
github.com/hahaclassic/orpheon/backend/internal/controller/cli/api/content/playlist/favorites.go:67.85,68.32 1 0
github.com/hahaclassic/orpheon/backend/internal/controller/cli/api/content/playlist/favorites.go:68.32,71.3 2 0
github.com/hahaclassic/orpheon/backend/internal/controller/cli/api/content/playlist/favorites.go:73.2,75.41 3 0
github.com/hahaclassic/orpheon/backend/internal/controller/cli/api/content/playlist/favorites.go:75.41,77.3 1 0
github.com/hahaclassic/orpheon/backend/internal/controller/cli/api/content/playlist/favorites.go:79.2,80.16 2 0
github.com/hahaclassic/orpheon/backend/internal/controller/cli/api/content/playlist/favorites.go:80.16,82.3 1 0
github.com/hahaclassic/orpheon/backend/internal/controller/cli/api/content/playlist/favorites.go:84.2,85.16 2 0
github.com/hahaclassic/orpheon/backend/internal/controller/cli/api/content/playlist/favorites.go:85.16,87.3 1 0
github.com/hahaclassic/orpheon/backend/internal/controller/cli/api/content/playlist/favorites.go:89.2,90.12 2 0
github.com/hahaclassic/orpheon/backend/internal/controller/cli/api/content/playlist/favorites.go:93.86,94.32 1 0
github.com/hahaclassic/orpheon/backend/internal/controller/cli/api/content/playlist/favorites.go:94.32,97.3 2 0
github.com/hahaclassic/orpheon/backend/internal/controller/cli/api/content/playlist/favorites.go:99.2,100.16 2 0
github.com/hahaclassic/orpheon/backend/internal/controller/cli/api/content/playlist/favorites.go:100.16,102.3 1 0
github.com/hahaclassic/orpheon/backend/internal/controller/cli/api/content/playlist/favorites.go:104.2,105.12 2 0
github.com/hahaclassic/orpheon/backend/internal/controller/cli/api/content/playlist/meta.go:25.68,31.2 1 0
github.com/hahaclassic/orpheon/backend/internal/controller/cli/api/content/playlist/meta.go:33.67,64.2 1 0
github.com/hahaclassic/orpheon/backend/internal/controller/cli/api/content/playlist/meta.go:66.76,67.32 1 0
github.com/hahaclassic/orpheon/backend/internal/controller/cli/api/content/playlist/meta.go:67.32,70.3 2 0
github.com/hahaclassic/orpheon/backend/internal/controller/cli/api/content/playlist/meta.go:72.2,85.27 11 0
github.com/hahaclassic/orpheon/backend/internal/controller/cli/api/content/playlist/meta.go:85.27,87.3 1 0
github.com/hahaclassic/orpheon/backend/internal/controller/cli/api/content/playlist/meta.go:88.2,97.16 4 0
github.com/hahaclassic/orpheon/backend/internal/controller/cli/api/content/playlist/meta.go:97.16,99.3 1 0
github.com/hahaclassic/orpheon/backend/internal/controller/cli/api/content/playlist/meta.go:101.2,102.12 2 0
github.com/hahaclassic/orpheon/backend/internal/controller/cli/api/content/playlist/meta.go:105.76,106.32 1 0
github.com/hahaclassic/orpheon/backend/internal/controller/cli/api/content/playlist/meta.go:106.32,109.3 2 0
github.com/hahaclassic/orpheon/backend/internal/controller/cli/api/content/playlist/meta.go:111.2,112.16 2 0
github.com/hahaclassic/orpheon/backend/internal/controller/cli/api/content/playlist/meta.go:112.16,114.3 1 0
github.com/hahaclassic/orpheon/backend/internal/controller/cli/api/content/playlist/meta.go:115.2,116.12 2 0
github.com/hahaclassic/orpheon/backend/internal/controller/cli/api/content/playlist/meta.go:119.78,123.41 3 0
github.com/hahaclassic/orpheon/backend/internal/controller/cli/api/content/playlist/meta.go:123.41,125.3 1 0
github.com/hahaclassic/orpheon/backend/internal/controller/cli/api/content/playlist/meta.go:127.2,128.16 2 0
github.com/hahaclassic/orpheon/backend/internal/controller/cli/api/content/playlist/meta.go:128.16,130.3 1 0
github.com/hahaclassic/orpheon/backend/internal/controller/cli/api/content/playlist/meta.go:132.2,133.16 2 0
github.com/hahaclassic/orpheon/backend/internal/controller/cli/api/content/playlist/meta.go:133.16,135.3 1 0
github.com/hahaclassic/orpheon/backend/internal/controller/cli/api/content/playlist/meta.go:137.2,139.12 2 0
github.com/hahaclassic/orpheon/backend/internal/controller/cli/api/content/playlist/meta.go:142.73,146.41 3 0
github.com/hahaclassic/orpheon/backend/internal/controller/cli/api/content/playlist/meta.go:146.41,148.3 1 0
github.com/hahaclassic/orpheon/backend/internal/controller/cli/api/content/playlist/meta.go:150.2,151.16 2 0
github.com/hahaclassic/orpheon/backend/internal/controller/cli/api/content/playlist/meta.go:151.16,153.3 1 0
github.com/hahaclassic/orpheon/backend/internal/controller/cli/api/content/playlist/meta.go:155.2,156.16 2 0
github.com/hahaclassic/orpheon/backend/internal/controller/cli/api/content/playlist/meta.go:156.16,158.3 1 0
github.com/hahaclassic/orpheon/backend/internal/controller/cli/api/content/playlist/meta.go:160.2,161.12 2 0
github.com/hahaclassic/orpheon/backend/internal/controller/cli/api/content/playlist/meta.go:164.76,165.32 1 0
github.com/hahaclassic/orpheon/backend/internal/controller/cli/api/content/playlist/meta.go:165.32,168.3 2 0
github.com/hahaclassic/orpheon/backend/internal/controller/cli/api/content/playlist/meta.go:170.2,172.41 3 0
github.com/hahaclassic/orpheon/backend/internal/controller/cli/api/content/playlist/meta.go:172.41,174.3 1 0
github.com/hahaclassic/orpheon/backend/internal/controller/cli/api/content/playlist/meta.go:176.2,177.16 2 0
github.com/hahaclassic/orpheon/backend/internal/controller/cli/api/content/playlist/meta.go:177.16,179.3 1 0
github.com/hahaclassic/orpheon/backend/internal/controller/cli/api/content/playlist/meta.go:181.2,182.16 2 0
github.com/hahaclassic/orpheon/backend/internal/controller/cli/api/content/playlist/meta.go:182.16,184.3 1 0
github.com/hahaclassic/orpheon/backend/internal/controller/cli/api/content/playlist/meta.go:186.2,195.16 8 0
github.com/hahaclassic/orpheon/backend/internal/controller/cli/api/content/playlist/meta.go:195.16,197.3 1 0
github.com/hahaclassic/orpheon/backend/internal/controller/cli/api/content/playlist/meta.go:199.2,199.23 1 0
github.com/hahaclassic/orpheon/backend/internal/controller/cli/api/content/playlist/meta.go:199.23,201.3 1 0
github.com/hahaclassic/orpheon/backend/internal/controller/cli/api/content/playlist/meta.go:203.2,204.16 2 0
github.com/hahaclassic/orpheon/backend/internal/controller/cli/api/content/playlist/meta.go:204.16,206.3 1 0
github.com/hahaclassic/orpheon/backend/internal/controller/cli/api/content/playlist/meta.go:208.2,209.12 2 0
github.com/hahaclassic/orpheon/backend/internal/controller/cli/api/content/playlist/meta.go:212.83,213.32 1 0
github.com/hahaclassic/orpheon/backend/internal/controller/cli/api/content/playlist/meta.go:213.32,216.3 2 0
github.com/hahaclassic/orpheon/backend/internal/controller/cli/api/content/playlist/meta.go:218.2,220.41 3 0
github.com/hahaclassic/orpheon/backend/internal/controller/cli/api/content/playlist/meta.go:220.41,222.3 1 0
github.com/hahaclassic/orpheon/backend/internal/controller/cli/api/content/playlist/meta.go:224.2,225.16 2 0
github.com/hahaclassic/orpheon/backend/internal/controller/cli/api/content/playlist/meta.go:225.16,227.3 1 0
github.com/hahaclassic/orpheon/backend/internal/controller/cli/api/content/playlist/meta.go:229.2,233.27 5 0
github.com/hahaclassic/orpheon/backend/internal/controller/cli/api/content/playlist/meta.go:233.27,235.3 1 0
github.com/hahaclassic/orpheon/backend/internal/controller/cli/api/content/playlist/meta.go:237.2,238.16 2 0
github.com/hahaclassic/orpheon/backend/internal/controller/cli/api/content/playlist/meta.go:238.16,240.3 1 0
github.com/hahaclassic/orpheon/backend/internal/controller/cli/api/content/playlist/meta.go:242.2,243.12 2 0
github.com/hahaclassic/orpheon/backend/internal/controller/cli/api/content/playlist/meta.go:246.76,247.32 1 0
github.com/hahaclassic/orpheon/backend/internal/controller/cli/api/content/playlist/meta.go:247.32,250.3 2 0
github.com/hahaclassic/orpheon/backend/internal/controller/cli/api/content/playlist/meta.go:252.2,254.41 3 0
github.com/hahaclassic/orpheon/backend/internal/controller/cli/api/content/playlist/meta.go:254.41,256.3 1 0
github.com/hahaclassic/orpheon/backend/internal/controller/cli/api/content/playlist/meta.go:258.2,259.16 2 0
github.com/hahaclassic/orpheon/backend/internal/controller/cli/api/content/playlist/meta.go:259.16,261.3 1 0
github.com/hahaclassic/orpheon/backend/internal/controller/cli/api/content/playlist/meta.go:263.2,264.16 2 0
github.com/hahaclassic/orpheon/backend/internal/controller/cli/api/content/playlist/meta.go:264.16,266.3 1 0
github.com/hahaclassic/orpheon/backend/internal/controller/cli/api/content/playlist/meta.go:268.2,269.12 2 0
github.com/hahaclassic/orpheon/backend/internal/controller/cli/api/content/playlist/tracks.go:20.110,24.2 1 0
github.com/hahaclassic/orpheon/backend/internal/controller/cli/api/content/playlist/tracks.go:26.68,45.2 1 0
github.com/hahaclassic/orpheon/backend/internal/controller/cli/api/content/playlist/tracks.go:47.71,48.32 1 0
github.com/hahaclassic/orpheon/backend/internal/controller/cli/api/content/playlist/tracks.go:48.32,51.3 2 0
github.com/hahaclassic/orpheon/backend/internal/controller/cli/api/content/playlist/tracks.go:53.2,55.49 3 0
github.com/hahaclassic/orpheon/backend/internal/controller/cli/api/content/playlist/tracks.go:55.49,57.3 1 0
github.com/hahaclassic/orpheon/backend/internal/controller/cli/api/content/playlist/tracks.go:59.2,60.46 2 0
github.com/hahaclassic/orpheon/backend/internal/controller/cli/api/content/playlist/tracks.go:60.46,62.3 1 0
github.com/hahaclassic/orpheon/backend/internal/controller/cli/api/content/playlist/tracks.go:64.2,65.16 2 0
github.com/hahaclassic/orpheon/backend/internal/controller/cli/api/content/playlist/tracks.go:65.16,67.3 1 0
github.com/hahaclassic/orpheon/backend/internal/controller/cli/api/content/playlist/tracks.go:69.2,70.16 2 0
github.com/hahaclassic/orpheon/backend/internal/controller/cli/api/content/playlist/tracks.go:70.16,72.3 1 0
github.com/hahaclassic/orpheon/backend/internal/controller/cli/api/content/playlist/tracks.go:74.2,78.16 2 0
github.com/hahaclassic/orpheon/backend/internal/controller/cli/api/content/playlist/tracks.go:78.16,80.3 1 0
github.com/hahaclassic/orpheon/backend/internal/controller/cli/api/content/playlist/tracks.go:82.2,83.12 2 0
github.com/hahaclassic/orpheon/backend/internal/controller/cli/api/content/playlist/tracks.go:86.74,87.32 1 0
github.com/hahaclassic/orpheon/backend/internal/controller/cli/api/content/playlist/tracks.go:87.32,90.3 2 0
github.com/hahaclassic/orpheon/backend/internal/controller/cli/api/content/playlist/tracks.go:92.2,94.49 3 0
github.com/hahaclassic/orpheon/backend/internal/controller/cli/api/content/playlist/tracks.go:94.49,96.3 1 0
github.com/hahaclassic/orpheon/backend/internal/controller/cli/api/content/playlist/tracks.go:98.2,99.46 2 0
github.com/hahaclassic/orpheon/backend/internal/controller/cli/api/content/playlist/tracks.go:99.46,101.3 1 0
github.com/hahaclassic/orpheon/backend/internal/controller/cli/api/content/playlist/tracks.go:103.2,104.16 2 0
github.com/hahaclassic/orpheon/backend/internal/controller/cli/api/content/playlist/tracks.go:104.16,106.3 1 0
github.com/hahaclassic/orpheon/backend/internal/controller/cli/api/content/playlist/tracks.go:108.2,109.16 2 0
github.com/hahaclassic/orpheon/backend/internal/controller/cli/api/content/playlist/tracks.go:109.16,111.3 1 0
github.com/hahaclassic/orpheon/backend/internal/controller/cli/api/content/playlist/tracks.go:113.2,117.16 2 0
github.com/hahaclassic/orpheon/backend/internal/controller/cli/api/content/playlist/tracks.go:117.16,119.3 1 0
github.com/hahaclassic/orpheon/backend/internal/controller/cli/api/content/playlist/tracks.go:121.2,122.12 2 0
github.com/hahaclassic/orpheon/backend/internal/controller/cli/api/content/playlist/tracks.go:125.72,128.49 3 0
github.com/hahaclassic/orpheon/backend/internal/controller/cli/api/content/playlist/tracks.go:128.49,130.3 1 0
github.com/hahaclassic/orpheon/backend/internal/controller/cli/api/content/playlist/tracks.go:132.2,133.16 2 0
github.com/hahaclassic/orpheon/backend/internal/controller/cli/api/content/playlist/tracks.go:133.16,135.3 1 0
github.com/hahaclassic/orpheon/backend/internal/controller/cli/api/content/playlist/tracks.go:137.2,138.16 2 0
github.com/hahaclassic/orpheon/backend/internal/controller/cli/api/content/playlist/tracks.go:138.16,140.3 1 0
github.com/hahaclassic/orpheon/backend/internal/controller/cli/api/content/playlist/tracks.go:142.2,143.12 2 0
github.com/hahaclassic/orpheon/backend/internal/controller/cli/api/content/playlist/tracks.go:146.82,149.49 3 0
github.com/hahaclassic/orpheon/backend/internal/controller/cli/api/content/playlist/tracks.go:149.49,151.3 1 0
github.com/hahaclassic/orpheon/backend/internal/controller/cli/api/content/playlist/tracks.go:153.2,154.16 2 0
github.com/hahaclassic/orpheon/backend/internal/controller/cli/api/content/playlist/tracks.go:154.16,156.3 1 0
github.com/hahaclassic/orpheon/backend/internal/controller/cli/api/content/playlist/tracks.go:158.2,159.46 2 0
github.com/hahaclassic/orpheon/backend/internal/controller/cli/api/content/playlist/tracks.go:159.46,161.3 1 0
github.com/hahaclassic/orpheon/backend/internal/controller/cli/api/content/playlist/tracks.go:163.2,164.16 2 0
github.com/hahaclassic/orpheon/backend/internal/controller/cli/api/content/playlist/tracks.go:164.16,166.3 1 0
github.com/hahaclassic/orpheon/backend/internal/controller/cli/api/content/playlist/tracks.go:168.2,169.50 2 0
github.com/hahaclassic/orpheon/backend/internal/controller/cli/api/content/playlist/tracks.go:169.50,171.3 1 0
github.com/hahaclassic/orpheon/backend/internal/controller/cli/api/content/playlist/tracks.go:173.2,174.16 2 0
github.com/hahaclassic/orpheon/backend/internal/controller/cli/api/content/playlist/tracks.go:174.16,176.3 1 0
github.com/hahaclassic/orpheon/backend/internal/controller/cli/api/content/playlist/tracks.go:178.2,183.16 2 0
github.com/hahaclassic/orpheon/backend/internal/controller/cli/api/content/playlist/tracks.go:183.16,185.3 1 0
github.com/hahaclassic/orpheon/backend/internal/controller/cli/api/content/playlist/tracks.go:187.2,188.12 2 0
github.com/hahaclassic/orpheon/backend/internal/controller/cli/output/output.go:12.42,20.2 7 0
github.com/hahaclassic/orpheon/backend/internal/controller/cli/output/output.go:22.46,24.31 2 0
github.com/hahaclassic/orpheon/backend/internal/controller/cli/output/output.go:24.31,27.3 1 0
github.com/hahaclassic/orpheon/backend/internal/controller/cli/output/output.go:29.2,30.77 1 0
github.com/hahaclassic/orpheon/backend/internal/controller/cli/output/output.go:33.45,40.2 6 0
github.com/hahaclassic/orpheon/backend/internal/controller/cli/output/output.go:42.49,44.33 2 0
github.com/hahaclassic/orpheon/backend/internal/controller/cli/output/output.go:44.33,47.3 1 0
github.com/hahaclassic/orpheon/backend/internal/controller/cli/output/output.go:49.2,50.63 1 0
github.com/hahaclassic/orpheon/backend/internal/controller/cli/output/output.go:53.42,65.2 11 0
github.com/hahaclassic/orpheon/backend/internal/controller/cli/output/output.go:67.46,69.31 2 0
github.com/hahaclassic/orpheon/backend/internal/controller/cli/output/output.go:69.31,72.3 1 0
github.com/hahaclassic/orpheon/backend/internal/controller/cli/output/output.go:74.2,75.120 1 0
github.com/hahaclassic/orpheon/backend/internal/controller/cli/output/output.go:78.51,89.2 10 0
github.com/hahaclassic/orpheon/backend/internal/controller/cli/output/output.go:91.55,93.37 2 0
github.com/hahaclassic/orpheon/backend/internal/controller/cli/output/output.go:93.37,98.3 1 0
github.com/hahaclassic/orpheon/backend/internal/controller/cli/output/output.go:100.2,101.116 1 0
github.com/hahaclassic/orpheon/backend/internal/controller/cli/output/output.go:104.44,110.2 5 0
github.com/hahaclassic/orpheon/backend/internal/controller/cli/output/output.go:112.48,114.35 2 0
github.com/hahaclassic/orpheon/backend/internal/controller/cli/output/output.go:114.35,117.3 1 0
github.com/hahaclassic/orpheon/backend/internal/controller/cli/output/output.go:119.2,120.53 1 0
github.com/hahaclassic/orpheon/backend/internal/controller/cli/output/output.go:123.38,128.2 4 0
github.com/hahaclassic/orpheon/backend/internal/controller/cli/output/output.go:130.42,132.31 2 0
github.com/hahaclassic/orpheon/backend/internal/controller/cli/output/output.go:132.31,134.3 1 0
github.com/hahaclassic/orpheon/backend/internal/controller/cli/output/output.go:136.2,137.38 1 0
github.com/hahaclassic/orpheon/backend/internal/controller/cli/output/output.go:140.39,148.2 7 0
github.com/hahaclassic/orpheon/backend/internal/controller/cli/output/output.go:150.43,152.29 2 0
github.com/hahaclassic/orpheon/backend/internal/controller/cli/output/output.go:152.29,155.3 1 0
github.com/hahaclassic/orpheon/backend/internal/controller/cli/output/output.go:157.2,158.88 1 0
github.com/hahaclassic/orpheon/backend/internal/controller/cli/output/output.go:161.50,169.31 3 0
github.com/hahaclassic/orpheon/backend/internal/controller/cli/output/output.go:169.31,170.36 1 0
github.com/hahaclassic/orpheon/backend/internal/controller/cli/output/output.go:170.36,172.4 1 0
github.com/hahaclassic/orpheon/backend/internal/controller/cli/output/output.go:176.2,177.23 2 0
github.com/hahaclassic/orpheon/backend/internal/controller/cli/output/output.go:177.23,179.27 2 0
github.com/hahaclassic/orpheon/backend/internal/controller/cli/output/output.go:179.27,181.4 1 0
github.com/hahaclassic/orpheon/backend/internal/controller/cli/output/output.go:185.2,186.31 2 0
github.com/hahaclassic/orpheon/backend/internal/controller/cli/output/output.go:186.31,188.17 2 0
github.com/hahaclassic/orpheon/backend/internal/controller/cli/output/output.go:188.17,193.35 4 0
github.com/hahaclassic/orpheon/backend/internal/controller/cli/output/output.go:193.35,194.33 1 0
github.com/hahaclassic/orpheon/backend/internal/controller/cli/output/output.go:194.33,196.6 1 0
github.com/hahaclassic/orpheon/backend/internal/controller/cli/output/output.go:202.2,204.28 3 0
github.com/hahaclassic/orpheon/backend/internal/controller/cli/output/output.go:204.28,206.28 2 0
github.com/hahaclassic/orpheon/backend/internal/controller/cli/output/output.go:206.28,208.4 1 0
github.com/hahaclassic/orpheon/backend/internal/controller/cli/output/output.go:209.3,209.21 1 0
github.com/hahaclassic/orpheon/backend/internal/controller/cli/output/output.go:211.2,212.45 2 0
github.com/hahaclassic/orpheon/backend/internal/controller/cli/api/player/player.go:29.103,36.2 1 0
github.com/hahaclassic/orpheon/backend/internal/controller/cli/api/player/player.go:38.61,73.2 1 0
github.com/hahaclassic/orpheon/backend/internal/controller/cli/api/player/player.go:75.67,83.16 6 0
github.com/hahaclassic/orpheon/backend/internal/controller/cli/api/player/player.go:83.16,85.3 1 0
github.com/hahaclassic/orpheon/backend/internal/controller/cli/api/player/player.go:87.2,88.16 2 0
github.com/hahaclassic/orpheon/backend/internal/controller/cli/api/player/player.go:88.16,90.3 1 0
github.com/hahaclassic/orpheon/backend/internal/controller/cli/api/player/player.go:92.2,95.12 4 0
github.com/hahaclassic/orpheon/backend/internal/controller/cli/api/player/player.go:98.70,106.16 6 0
github.com/hahaclassic/orpheon/backend/internal/controller/cli/api/player/player.go:106.16,108.3 1 0
github.com/hahaclassic/orpheon/backend/internal/controller/cli/api/player/player.go:110.2,111.16 2 0
github.com/hahaclassic/orpheon/backend/internal/controller/cli/api/player/player.go:111.16,113.3 1 0
github.com/hahaclassic/orpheon/backend/internal/controller/cli/api/player/player.go:115.2,118.12 4 0
github.com/hahaclassic/orpheon/backend/internal/controller/cli/api/player/player.go:121.67,129.16 6 0
github.com/hahaclassic/orpheon/backend/internal/controller/cli/api/player/player.go:129.16,131.3 1 0
github.com/hahaclassic/orpheon/backend/internal/controller/cli/api/player/player.go:133.2,134.16 2 0
github.com/hahaclassic/orpheon/backend/internal/controller/cli/api/player/player.go:134.16,136.3 1 0
github.com/hahaclassic/orpheon/backend/internal/controller/cli/api/player/player.go:138.2,141.12 4 0
github.com/hahaclassic/orpheon/backend/internal/controller/cli/api/player/player.go:144.60,148.2 3 0
github.com/hahaclassic/orpheon/backend/internal/controller/cli/api/player/player.go:150.61,154.2 3 0
github.com/hahaclassic/orpheon/backend/internal/controller/cli/api/player/player.go:156.60,160.2 3 0
github.com/hahaclassic/orpheon/backend/internal/controller/cli/api/player/player.go:162.64,166.2 3 0
github.com/hahaclassic/orpheon/backend/internal/controller/cli/api/player/player.go:168.62,175.17 6 0
github.com/hahaclassic/orpheon/backend/internal/controller/cli/api/player/player.go:175.17,178.17 3 0
github.com/hahaclassic/orpheon/backend/internal/controller/cli/api/player/player.go:178.17,180.4 1 0
github.com/hahaclassic/orpheon/backend/internal/controller/cli/api/player/player.go:183.2,185.12 3 0
github.com/hahaclassic/orpheon/backend/internal/controller/cli/player/player.go:31.38,36.2 1 0
github.com/hahaclassic/orpheon/backend/internal/controller/cli/player/player.go:38.52,39.6 1 0
github.com/hahaclassic/orpheon/backend/internal/controller/cli/player/player.go:39.6,41.20 2 0
github.com/hahaclassic/orpheon/backend/internal/controller/cli/player/player.go:41.20,42.11 1 0
github.com/hahaclassic/orpheon/backend/internal/controller/cli/player/player.go:43.18,44.21 1 0
github.com/hahaclassic/orpheon/backend/internal/controller/cli/player/player.go:45.12,47.13 2 0
github.com/hahaclassic/orpheon/backend/internal/controller/cli/player/player.go:50.3,50.16 1 0
github.com/hahaclassic/orpheon/backend/internal/controller/cli/player/player.go:54.43,56.2 1 0
github.com/hahaclassic/orpheon/backend/internal/controller/cli/player/player.go:58.38,59.9 1 0
github.com/hahaclassic/orpheon/backend/internal/controller/cli/player/player.go:60.16,60.16 0 0
github.com/hahaclassic/orpheon/backend/internal/controller/cli/player/player.go:61.10,62.16 1 0
github.com/hahaclassic/orpheon/backend/internal/controller/cli/player/player.go:64.2,64.12 1 0
github.com/hahaclassic/orpheon/backend/internal/controller/cli/player/player.go:82.65,87.2 1 0
github.com/hahaclassic/orpheon/backend/internal/controller/cli/player/player.go:89.44,91.46 2 0
github.com/hahaclassic/orpheon/backend/internal/controller/cli/player/player.go:91.46,94.3 2 0
github.com/hahaclassic/orpheon/backend/internal/controller/cli/player/player.go:95.2,115.44 15 0
github.com/hahaclassic/orpheon/backend/internal/controller/cli/player/player.go:115.44,118.3 2 0
github.com/hahaclassic/orpheon/backend/internal/controller/cli/player/player.go:120.2,120.32 1 0
github.com/hahaclassic/orpheon/backend/internal/controller/cli/player/player.go:123.134,127.6 3 0
github.com/hahaclassic/orpheon/backend/internal/controller/cli/player/player.go:127.6,128.10 1 0
github.com/hahaclassic/orpheon/backend/internal/controller/cli/player/player.go:129.21,131.10 2 0
github.com/hahaclassic/orpheon/backend/internal/controller/cli/player/player.go:132.11,132.11 0 0
github.com/hahaclassic/orpheon/backend/internal/controller/cli/player/player.go:135.3,142.40 3 0
github.com/hahaclassic/orpheon/backend/internal/controller/cli/player/player.go:142.40,143.9 1 0
github.com/hahaclassic/orpheon/backend/internal/controller/cli/player/player.go:146.3,150.29 4 0
github.com/hahaclassic/orpheon/backend/internal/controller/cli/player/player.go:150.29,151.11 1 0
github.com/hahaclassic/orpheon/backend/internal/controller/cli/player/player.go:152.29,152.29 0 0
github.com/hahaclassic/orpheon/backend/internal/controller/cli/player/player.go:153.12,153.12 0 0
github.com/hahaclassic/orpheon/backend/internal/controller/cli/player/player.go:157.2,157.12 1 0
github.com/hahaclassic/orpheon/backend/internal/controller/cli/player/player.go:160.56,162.16 2 0
github.com/hahaclassic/orpheon/backend/internal/controller/cli/player/player.go:162.16,164.3 1 0
github.com/hahaclassic/orpheon/backend/internal/controller/cli/player/player.go:166.2,166.93 1 0
github.com/hahaclassic/orpheon/backend/internal/controller/cli/player/player.go:166.93,168.3 1 0
github.com/hahaclassic/orpheon/backend/internal/controller/cli/player/player.go:170.2,178.51 7 0
github.com/hahaclassic/orpheon/backend/internal/controller/cli/player/player.go:178.51,183.3 4 0
github.com/hahaclassic/orpheon/backend/internal/controller/cli/player/player.go:185.2,185.12 1 0
github.com/hahaclassic/orpheon/backend/internal/controller/cli/player/player.go:188.78,197.6 7 0
github.com/hahaclassic/orpheon/backend/internal/controller/cli/player/player.go:197.6,198.10 1 0
github.com/hahaclassic/orpheon/backend/internal/controller/cli/player/player.go:199.27,200.10 1 0
github.com/hahaclassic/orpheon/backend/internal/controller/cli/player/player.go:201.19,203.19 2 0
github.com/hahaclassic/orpheon/backend/internal/controller/cli/player/player.go:203.19,205.47 2 0
github.com/hahaclassic/orpheon/backend/internal/controller/cli/player/player.go:205.47,207.6 1 0
github.com/hahaclassic/orpheon/backend/internal/controller/cli/player/player.go:209.4,209.17 1 0
github.com/hahaclassic/orpheon/backend/internal/controller/cli/player/player.go:214.26,217.34 3 0
github.com/hahaclassic/orpheon/backend/internal/controller/cli/player/player.go:217.34,220.3 2 0
github.com/hahaclassic/orpheon/backend/internal/controller/cli/player/player.go:223.27,226.35 3 0
github.com/hahaclassic/orpheon/backend/internal/controller/cli/player/player.go:226.35,230.3 3 0
github.com/hahaclassic/orpheon/backend/internal/controller/cli/player/player.go:233.25,235.39 2 0
github.com/hahaclassic/orpheon/backend/internal/controller/cli/player/player.go:235.39,238.3 2 0
github.com/hahaclassic/orpheon/backend/internal/controller/cli/player/player.go:239.2,239.29 1 0
github.com/hahaclassic/orpheon/backend/internal/controller/cli/player/player.go:239.29,241.3 1 0
github.com/hahaclassic/orpheon/backend/internal/controller/cli/player/player.go:242.2,242.35 1 0
github.com/hahaclassic/orpheon/backend/internal/controller/cli/player/player.go:242.35,245.3 2 0
github.com/hahaclassic/orpheon/backend/internal/controller/cli/player/player.go:246.2,246.19 1 0
github.com/hahaclassic/orpheon/backend/internal/controller/cli/player/player.go:246.19,248.3 1 0
github.com/hahaclassic/orpheon/backend/internal/controller/cli/player/player.go:249.2,249.23 1 0
github.com/hahaclassic/orpheon/backend/internal/controller/cli/player/player.go:249.23,252.3 2 0
github.com/hahaclassic/orpheon/backend/internal/controller/cli/player/player.go:253.2,255.19 3 0
github.com/hahaclassic/orpheon/backend/internal/controller/cli/player/player.go:255.19,256.10 1 0
github.com/hahaclassic/orpheon/backend/internal/controller/cli/player/player.go:257.17,257.17 0 0
github.com/hahaclassic/orpheon/backend/internal/controller/cli/player/player.go:258.11,259.17 1 0
github.com/hahaclassic/orpheon/backend/internal/controller/cli/player/player.go:262.2,262.15 1 0
github.com/hahaclassic/orpheon/backend/internal/controller/cli/player/player.go:265.25,268.32 3 0
github.com/hahaclassic/orpheon/backend/internal/controller/cli/player/player.go:268.32,271.3 2 0
github.com/hahaclassic/orpheon/backend/internal/controller/cli/player/player.go:272.2,273.33 2 0
github.com/hahaclassic/orpheon/backend/internal/controller/cli/player/player.go:276.29,279.19 3 0
github.com/hahaclassic/orpheon/backend/internal/controller/cli/player/player.go:279.19,282.3 2 0
github.com/hahaclassic/orpheon/backend/internal/controller/cli/player/player.go:283.2,284.33 2 0
github.com/hahaclassic/orpheon/backend/internal/controller/cli/player/player.go:287.57,290.22 3 0
github.com/hahaclassic/orpheon/backend/internal/controller/cli/player/player.go:290.22,292.3 1 0
github.com/hahaclassic/orpheon/backend/internal/controller/cli/player/player.go:293.2,293.38 1 0
github.com/hahaclassic/orpheon/backend/internal/controller/cli/player/player.go:296.37,298.91 2 0
github.com/hahaclassic/orpheon/backend/internal/controller/cli/player/player.go:298.91,301.3 2 0
github.com/hahaclassic/orpheon/backend/internal/controller/cli/player/player.go:302.2,306.33 4 0
github.com/hahaclassic/orpheon/backend/internal/controller/cli/api/user/user.go:21.70,25.2 1 0
github.com/hahaclassic/orpheon/backend/internal/controller/cli/api/user/user.go:27.59,46.2 1 0
github.com/hahaclassic/orpheon/backend/internal/controller/cli/api/user/user.go:48.66,49.32 1 0
github.com/hahaclassic/orpheon/backend/internal/controller/cli/api/user/user.go:49.32,52.3 2 0
github.com/hahaclassic/orpheon/backend/internal/controller/cli/api/user/user.go:54.2,55.16 2 0
github.com/hahaclassic/orpheon/backend/internal/controller/cli/api/user/user.go:55.16,57.3 1 0
github.com/hahaclassic/orpheon/backend/internal/controller/cli/api/user/user.go:59.2,60.12 2 0
github.com/hahaclassic/orpheon/backend/internal/controller/cli/api/user/user.go:63.65,67.41 3 0
github.com/hahaclassic/orpheon/backend/internal/controller/cli/api/user/user.go:67.41,69.3 1 0
github.com/hahaclassic/orpheon/backend/internal/controller/cli/api/user/user.go:71.2,72.16 2 0
github.com/hahaclassic/orpheon/backend/internal/controller/cli/api/user/user.go:72.16,74.3 1 0
github.com/hahaclassic/orpheon/backend/internal/controller/cli/api/user/user.go:76.2,77.16 2 0
github.com/hahaclassic/orpheon/backend/internal/controller/cli/api/user/user.go:77.16,79.3 1 0
github.com/hahaclassic/orpheon/backend/internal/controller/cli/api/user/user.go:81.2,82.12 2 0
github.com/hahaclassic/orpheon/backend/internal/controller/cli/api/user/user.go:85.64,86.32 1 0
github.com/hahaclassic/orpheon/backend/internal/controller/cli/api/user/user.go:86.32,89.3 2 0
github.com/hahaclassic/orpheon/backend/internal/controller/cli/api/user/user.go:91.2,92.16 2 0
github.com/hahaclassic/orpheon/backend/internal/controller/cli/api/user/user.go:92.16,94.3 1 0
github.com/hahaclassic/orpheon/backend/internal/controller/cli/api/user/user.go:96.2,101.16 5 0
github.com/hahaclassic/orpheon/backend/internal/controller/cli/api/user/user.go:101.16,103.3 1 0
github.com/hahaclassic/orpheon/backend/internal/controller/cli/api/user/user.go:105.2,108.24 4 0
github.com/hahaclassic/orpheon/backend/internal/controller/cli/api/user/user.go:108.24,110.17 2 0
github.com/hahaclassic/orpheon/backend/internal/controller/cli/api/user/user.go:110.17,112.4 1 0
github.com/hahaclassic/orpheon/backend/internal/controller/cli/api/user/user.go:113.3,113.29 1 0
github.com/hahaclassic/orpheon/backend/internal/controller/cli/api/user/user.go:116.2,117.16 2 0
github.com/hahaclassic/orpheon/backend/internal/controller/cli/api/user/user.go:117.16,119.3 1 0
github.com/hahaclassic/orpheon/backend/internal/controller/cli/api/user/user.go:121.2,122.12 2 0
github.com/hahaclassic/orpheon/backend/internal/controller/cli/api/user/user.go:125.64,129.41 3 0
github.com/hahaclassic/orpheon/backend/internal/controller/cli/api/user/user.go:129.41,131.3 1 0
github.com/hahaclassic/orpheon/backend/internal/controller/cli/api/user/user.go:133.2,134.16 2 0
github.com/hahaclassic/orpheon/backend/internal/controller/cli/api/user/user.go:134.16,136.3 1 0
github.com/hahaclassic/orpheon/backend/internal/controller/cli/api/user/user.go:138.2,139.16 2 0
github.com/hahaclassic/orpheon/backend/internal/controller/cli/api/user/user.go:139.16,141.3 1 0
github.com/hahaclassic/orpheon/backend/internal/controller/cli/api/user/user.go:143.2,144.12 2 0
github.com/hahaclassic/orpheon/backend/internal/controller/cli/session/session.go:29.26,30.17 1 0
github.com/hahaclassic/orpheon/backend/internal/controller/cli/session/session.go:30.17,44.3 3 0
github.com/hahaclassic/orpheon/backend/internal/controller/cli/session/session.go:45.2,45.10 1 0
github.com/hahaclassic/orpheon/backend/internal/controller/cli/session/session.go:48.69,52.26 3 0
github.com/hahaclassic/orpheon/backend/internal/controller/cli/session/session.go:52.26,55.17 3 0
github.com/hahaclassic/orpheon/backend/internal/controller/cli/session/session.go:55.17,57.4 1 0
github.com/hahaclassic/orpheon/backend/internal/controller/cli/session/session.go:60.2,61.19 2 0
github.com/hahaclassic/orpheon/backend/internal/controller/cli/session/session.go:64.19,72.2 6 0
github.com/hahaclassic/orpheon/backend/internal/controller/cli/session/session.go:74.30,79.2 3 0
github.com/hahaclassic/orpheon/backend/internal/controller/cli/session/session.go:81.34,86.2 3 0
github.com/hahaclassic/orpheon/backend/internal/controller/cli/session/session.go:88.46,93.2 3 0
github.com/hahaclassic/orpheon/backend/internal/controller/cli/session/session.go:95.29,100.2 3 0
github.com/hahaclassic/orpheon/backend/internal/controller/http/api/stat/stat.go:17.80,19.2 1 0
github.com/hahaclassic/orpheon/backend/internal/controller/http/api/stat/stat.go:21.55,24.16 3 0
github.com/hahaclassic/orpheon/backend/internal/controller/http/api/stat/stat.go:24.16,27.3 2 0
github.com/hahaclassic/orpheon/backend/internal/controller/http/api/stat/stat.go:29.2,30.51 2 0
github.com/hahaclassic/orpheon/backend/internal/controller/http/api/stat/stat.go:30.51,33.3 2 0
github.com/hahaclassic/orpheon/backend/internal/controller/http/api/stat/stat.go:35.2,36.19 2 0
github.com/hahaclassic/orpheon/backend/internal/controller/http/api/stat/stat.go:36.19,38.3 1 0
github.com/hahaclassic/orpheon/backend/internal/controller/http/api/stat/stat.go:40.2,42.80 2 0
github.com/hahaclassic/orpheon/backend/internal/controller/http/api/stat/stat.go:42.80,45.3 2 0
github.com/hahaclassic/orpheon/backend/internal/controller/http/api/stat/stat.go:46.2,46.34 1 0
github.com/hahaclassic/orpheon/backend/internal/controller/http/api/auth/handlers.go:22.50,29.2 1 0
github.com/hahaclassic/orpheon/backend/internal/controller/http/api/auth/handlers.go:31.67,40.2 7 0
github.com/hahaclassic/orpheon/backend/internal/controller/http/api/auth/handlers.go:42.52,44.49 2 0
github.com/hahaclassic/orpheon/backend/internal/controller/http/api/auth/handlers.go:44.49,48.3 2 0
github.com/hahaclassic/orpheon/backend/internal/controller/http/api/auth/handlers.go:50.2,51.16 2 0
github.com/hahaclassic/orpheon/backend/internal/controller/http/api/auth/handlers.go:51.16,55.3 2 0
github.com/hahaclassic/orpheon/backend/internal/controller/http/api/auth/handlers.go:57.2,57.41 1 0
github.com/hahaclassic/orpheon/backend/internal/controller/http/api/auth/handlers.go:60.49,62.49 2 0
github.com/hahaclassic/orpheon/backend/internal/controller/http/api/auth/handlers.go:62.49,66.3 2 0
github.com/hahaclassic/orpheon/backend/internal/controller/http/api/auth/handlers.go:68.2,69.16 2 0
github.com/hahaclassic/orpheon/backend/internal/controller/http/api/auth/handlers.go:69.16,73.3 2 0
github.com/hahaclassic/orpheon/backend/internal/controller/http/api/auth/handlers.go:75.2,75.41 1 0
[...]
github.com/hahaclassic/orpheon/backend/internal/repository/content/search/postgres/search.go:208.3,208.43 1 0
github.com/hahaclassic/orpheon/backend/internal/repository/content/search/postgres/search.go:211.2,211.30 1 0
github.com/hahaclassic/orpheon/backend/internal/repository/content/track/audio/minio/minio.go:21.121,23.16 2 0
github.com/hahaclassic/orpheon/backend/internal/repository/content/track/audio/minio/minio.go:23.16,25.3 1 0
github.com/hahaclassic/orpheon/backend/internal/repository/content/track/audio/minio/minio.go:26.2,26.13 1 0
github.com/hahaclassic/orpheon/backend/internal/repository/content/track/audio/minio/minio.go:26.13,27.87 1 0
github.com/hahaclassic/orpheon/backend/internal/repository/content/track/audio/minio/minio.go:27.87,29.4 1 0
github.com/hahaclassic/orpheon/backend/internal/repository/content/track/audio/minio/minio.go:32.2,35.8 1 0
github.com/hahaclassic/orpheon/backend/internal/repository/content/track/audio/minio/minio.go:38.100,44.16 3 0
github.com/hahaclassic/orpheon/backend/internal/repository/content/track/audio/minio/minio.go:44.16,46.3 1 0
github.com/hahaclassic/orpheon/backend/internal/repository/content/track/audio/minio/minio.go:48.2,48.12 1 0
github.com/hahaclassic/orpheon/backend/internal/repository/content/track/audio/minio/minio.go:51.120,55.64 3 0
github.com/hahaclassic/orpheon/backend/internal/repository/content/track/audio/minio/minio.go:55.64,57.3 1 0
github.com/hahaclassic/orpheon/backend/internal/repository/content/track/audio/minio/minio.go:59.2,60.16 2 0
github.com/hahaclassic/orpheon/backend/internal/repository/content/track/audio/minio/minio.go:60.16,62.3 1 0
github.com/hahaclassic/orpheon/backend/internal/repository/content/track/audio/minio/minio.go:63.2,63.15 1 0
github.com/hahaclassic/orpheon/backend/internal/repository/content/track/audio/minio/minio.go:63.15,65.17 2 0
github.com/hahaclassic/orpheon/backend/internal/repository/content/track/audio/minio/minio.go:65.17,67.4 1 0
github.com/hahaclassic/orpheon/backend/internal/repository/content/track/audio/minio/minio.go:70.2,71.16 2 0
github.com/hahaclassic/orpheon/backend/internal/repository/content/track/audio/minio/minio.go:71.16,73.3 1 0
github.com/hahaclassic/orpheon/backend/internal/repository/content/track/audio/minio/minio.go:75.2,75.32 1 0
github.com/hahaclassic/orpheon/backend/internal/repository/content/track/audio/minio/minio.go:75.32,77.3 1 0
github.com/hahaclassic/orpheon/backend/internal/repository/content/track/audio/minio/minio.go:79.2,84.8 1 0
github.com/hahaclassic/orpheon/backend/internal/repository/content/track/audio/minio/minio.go:87.88,90.16 3 0
github.com/hahaclassic/orpheon/backend/internal/repository/content/track/audio/minio/minio.go:90.16,92.3 1 0
github.com/hahaclassic/orpheon/backend/internal/repository/content/track/audio/minio/minio.go:93.2,93.12 1 0
github.com/hahaclassic/orpheon/backend/internal/repository/content/playlist/tracks/postgres/postgres.go:18.80,20.2 1 0
github.com/hahaclassic/orpheon/backend/internal/repository/content/playlist/tracks/postgres/postgres.go:22.119,38.16 4 0
github.com/hahaclassic/orpheon/backend/internal/repository/content/playlist/tracks/postgres/postgres.go:38.16,39.27 1 0
github.com/hahaclassic/orpheon/backend/internal/repository/content/playlist/tracks/postgres/postgres.go:39.27,41.4 1 0
github.com/hahaclassic/orpheon/backend/internal/repository/content/playlist/tracks/postgres/postgres.go:42.3,42.54 1 0
github.com/hahaclassic/orpheon/backend/internal/repository/content/playlist/tracks/postgres/postgres.go:45.2,45.12 1 0
github.com/hahaclassic/orpheon/backend/internal/repository/content/playlist/tracks/postgres/postgres.go:48.124,52.16 3 0
github.com/hahaclassic/orpheon/backend/internal/repository/content/playlist/tracks/postgres/postgres.go:52.16,54.3 1 0
github.com/hahaclassic/orpheon/backend/internal/repository/content/playlist/tracks/postgres/postgres.go:56.2,56.12 1 0
github.com/hahaclassic/orpheon/backend/internal/repository/content/playlist/tracks/postgres/postgres.go:59.113,66.16 3 0
github.com/hahaclassic/orpheon/backend/internal/repository/content/playlist/tracks/postgres/postgres.go:66.16,68.3 1 0
github.com/hahaclassic/orpheon/backend/internal/repository/content/playlist/tracks/postgres/postgres.go:69.2,69.28 1 0
github.com/hahaclassic/orpheon/backend/internal/repository/content/playlist/tracks/postgres/postgres.go:69.28,71.3 1 0
github.com/hahaclassic/orpheon/backend/internal/repository/content/playlist/tracks/postgres/postgres.go:73.2,73.12 1 0
github.com/hahaclassic/orpheon/backend/internal/repository/content/playlist/tracks/postgres/postgres.go:76.129,88.16 3 0
github.com/hahaclassic/orpheon/backend/internal/repository/content/playlist/tracks/postgres/postgres.go:88.16,90.3 1 0
github.com/hahaclassic/orpheon/backend/internal/repository/content/playlist/tracks/postgres/postgres.go:91.2,94.18 3 0
github.com/hahaclassic/orpheon/backend/internal/repository/content/playlist/tracks/postgres/postgres.go:94.18,106.17 2 0
github.com/hahaclassic/orpheon/backend/internal/repository/content/playlist/tracks/postgres/postgres.go:106.17,108.4 1 0
github.com/hahaclassic/orpheon/backend/internal/repository/content/playlist/tracks/postgres/postgres.go:109.3,109.34 1 0
github.com/hahaclassic/orpheon/backend/internal/repository/content/playlist/tracks/postgres/postgres.go:112.2,112.20 1 0
github.com/hahaclassic/orpheon/backend/internal/repository/content/playlist/tracks/postgres/postgres.go:115.120,121.16 3 0
github.com/hahaclassic/orpheon/backend/internal/repository/content/playlist/tracks/postgres/postgres.go:121.16,123.3 1 0
github.com/hahaclassic/orpheon/backend/internal/repository/content/playlist/tracks/postgres/postgres.go:125.2,125.12 1 0
github.com/hahaclassic/orpheon/backend/internal/repository/content/track/segment/postgres/segment.go:19.76,21.2 1 0
github.com/hahaclassic/orpheon/backend/internal/repository/content/track/segment/postgres/segment.go:23.122,25.16 2 0
github.com/hahaclassic/orpheon/backend/internal/repository/content/track/segment/postgres/segment.go:25.16,27.3 1 0
github.com/hahaclassic/orpheon/backend/internal/repository/content/track/segment/postgres/segment.go:28.2,28.15 1 0
github.com/hahaclassic/orpheon/backend/internal/repository/content/track/segment/postgres/segment.go:28.15,29.77 1 0
github.com/hahaclassic/orpheon/backend/internal/repository/content/track/segment/postgres/segment.go:29.77,31.4 1 0
github.com/hahaclassic/orpheon/backend/internal/repository/content/track/segment/postgres/segment.go:34.2,34.35 1 0
github.com/hahaclassic/orpheon/backend/internal/repository/content/track/segment/postgres/segment.go:34.35,41.17 2 0
github.com/hahaclassic/orpheon/backend/internal/repository/content/track/segment/postgres/segment.go:41.17,43.4 1 0
github.com/hahaclassic/orpheon/backend/internal/repository/content/track/segment/postgres/segment.go:46.2,46.23 1 0
github.com/hahaclassic/orpheon/backend/internal/repository/content/track/segment/postgres/segment.go:49.113,56.16 2 0
github.com/hahaclassic/orpheon/backend/internal/repository/content/track/segment/postgres/segment.go:56.16,58.3 1 0
github.com/hahaclassic/orpheon/backend/internal/repository/content/track/segment/postgres/segment.go:59.2,63.18 3 0
github.com/hahaclassic/orpheon/backend/internal/repository/content/track/segment/postgres/segment.go:63.18,67.17 4 0
github.com/hahaclassic/orpheon/backend/internal/repository/content/track/segment/postgres/segment.go:67.17,69.4 1 0
github.com/hahaclassic/orpheon/backend/internal/repository/content/track/segment/postgres/segment.go:70.3,72.36 3 0
github.com/hahaclassic/orpheon/backend/internal/repository/content/track/segment/postgres/segment.go:75.2,75.22 1 0
github.com/hahaclassic/orpheon/backend/internal/repository/content/track/segment/postgres/segment.go:78.95,82.16 2 0
github.com/hahaclassic/orpheon/backend/internal/repository/content/track/segment/postgres/segment.go:82.16,84.3 1 0
github.com/hahaclassic/orpheon/backend/internal/repository/content/track/segment/postgres/segment.go:85.2,85.12 1 0
github.com/hahaclassic/orpheon/backend/internal/repository/content/track/segment/postgres/segment.go:88.123,89.24 1 0
github.com/hahaclassic/orpheon/backend/internal/repository/content/track/segment/postgres/segment.go:89.24,91.3 1 0
github.com/hahaclassic/orpheon/backend/internal/repository/content/track/segment/postgres/segment.go:93.2,94.16 2 0
github.com/hahaclassic/orpheon/backend/internal/repository/content/track/segment/postgres/segment.go:94.16,96.3 1 0
github.com/hahaclassic/orpheon/backend/internal/repository/content/track/segment/postgres/segment.go:97.2,97.15 1 0
github.com/hahaclassic/orpheon/backend/internal/repository/content/track/segment/postgres/segment.go:97.15,98.77 1 0
github.com/hahaclassic/orpheon/backend/internal/repository/content/track/segment/postgres/segment.go:98.77,100.4 1 0
github.com/hahaclassic/orpheon/backend/internal/repository/content/track/segment/postgres/segment.go:103.2,103.31 1 0
github.com/hahaclassic/orpheon/backend/internal/repository/content/track/segment/postgres/segment.go:103.31,108.17 2 0
github.com/hahaclassic/orpheon/backend/internal/repository/content/track/segment/postgres/segment.go:108.17,110.4 1 0
github.com/hahaclassic/orpheon/backend/internal/repository/content/track/segment/postgres/segment.go:113.2,113.23 1 0
github.com/hahaclassic/orpheon/backend/internal/repository/user/postgres/user.go:16.60,18.2 1 0
github.com/hahaclassic/orpheon/backend/internal/repository/user/postgres/user.go:20.87,34.2 3 0
github.com/hahaclassic/orpheon/backend/internal/repository/user/postgres/user.go:36.99,52.16 5 0
github.com/hahaclassic/orpheon/backend/internal/repository/user/postgres/user.go:52.16,54.3 1 0
github.com/hahaclassic/orpheon/backend/internal/repository/user/postgres/user.go:56.2,56.19 1 0
github.com/hahaclassic/orpheon/backend/internal/repository/user/postgres/user.go:59.87,70.16 3 0
github.com/hahaclassic/orpheon/backend/internal/repository/user/postgres/user.go:70.16,72.3 1 0
github.com/hahaclassic/orpheon/backend/internal/repository/user/postgres/user.go:73.2,73.32 1 0
github.com/hahaclassic/orpheon/backend/internal/repository/user/postgres/user.go:73.32,75.3 1 0
github.com/hahaclassic/orpheon/backend/internal/repository/user/postgres/user.go:76.2,76.12 1 0
github.com/hahaclassic/orpheon/backend/internal/repository/user/postgres/user.go:79.82,85.16 3 0
github.com/hahaclassic/orpheon/backend/internal/repository/user/postgres/user.go:85.16,87.3 1 0
github.com/hahaclassic/orpheon/backend/internal/repository/user/postgres/user.go:88.2,88.32 1 0
github.com/hahaclassic/orpheon/backend/internal/repository/user/postgres/user.go:88.32,90.3 1 0
github.com/hahaclassic/orpheon/backend/internal/repository/user/postgres/user.go:91.2,91.12 1 0
github.com/hahaclassic/orpheon/backend/internal/repository/content/track/meta/postgres/postgres.go:17.70,19.2 1 0
github.com/hahaclassic/orpheon/backend/internal/repository/content/track/meta/postgres/postgres.go:21.106,42.16 5 0
github.com/hahaclassic/orpheon/backend/internal/repository/content/track/meta/postgres/postgres.go:42.16,44.3 1 0
github.com/hahaclassic/orpheon/backend/internal/repository/content/track/meta/postgres/postgres.go:46.2,46.20 1 0
github.com/hahaclassic/orpheon/backend/internal/repository/content/track/meta/postgres/postgres.go:49.117,58.16 3 0
github.com/hahaclassic/orpheon/backend/internal/repository/content/track/meta/postgres/postgres.go:58.16,60.3 1 0
github.com/hahaclassic/orpheon/backend/internal/repository/content/track/meta/postgres/postgres.go:61.2,64.18 3 0
github.com/hahaclassic/orpheon/backend/internal/repository/content/track/meta/postgres/postgres.go:64.18,67.17 3 0
github.com/hahaclassic/orpheon/backend/internal/repository/content/track/meta/postgres/postgres.go:67.17,69.4 1 0
github.com/hahaclassic/orpheon/backend/internal/repository/content/track/meta/postgres/postgres.go:70.3,70.37 1 0
github.com/hahaclassic/orpheon/backend/internal/repository/content/track/meta/postgres/postgres.go:73.2,73.21 1 0
github.com/hahaclassic/orpheon/backend/internal/repository/content/track/meta/postgres/postgres.go:76.90,99.16 3 0
github.com/hahaclassic/orpheon/backend/internal/repository/content/track/meta/postgres/postgres.go:99.16,101.3 1 0
github.com/hahaclassic/orpheon/backend/internal/repository/content/track/meta/postgres/postgres.go:103.2,103.12 1 0
github.com/hahaclassic/orpheon/backend/internal/repository/content/track/meta/postgres/postgres.go:106.90,126.16 3 0
github.com/hahaclassic/orpheon/backend/internal/repository/content/track/meta/postgres/postgres.go:126.16,128.3 1 0
github.com/hahaclassic/orpheon/backend/internal/repository/content/track/meta/postgres/postgres.go:130.2,130.12 1 0
github.com/hahaclassic/orpheon/backend/internal/repository/content/track/meta/postgres/postgres.go:133.84,147.16 3 0
github.com/hahaclassic/orpheon/backend/internal/repository/content/track/meta/postgres/postgres.go:147.16,149.3 1 0
github.com/hahaclassic/orpheon/backend/internal/repository/content/track/meta/postgres/postgres.go:151.2,151.12 1 0
github.com/hahaclassic/orpheon/backend/internal/repository/content/track/meta/postgres/postgres.go:154.104,162.16 3 0
github.com/hahaclassic/orpheon/backend/internal/repository/content/track/meta/postgres/postgres.go:162.16,164.3 1 0
github.com/hahaclassic/orpheon/backend/internal/repository/content/track/meta/postgres/postgres.go:166.2,166.12 1 0
github.com/hahaclassic/orpheon/backend/cmd/cli/main.go:12.13,15.2 2 0
github.com/hahaclassic/orpheon/backend/cmd/cli/main.go:17.13,21.2 2 0
github.com/hahaclassic/orpheon/backend/pkg/cmdrouter/cmdrouter.go:27.97,34.2 1 0
github.com/hahaclassic/orpheon/backend/pkg/cmdrouter/cmdrouter.go:37.49,39.2 0 0
github.com/hahaclassic/orpheon/backend/pkg/cmdrouter/cmdrouter.go:41.78,49.85 2 0
github.com/hahaclassic/orpheon/backend/pkg/cmdrouter/cmdrouter.go:49.85,52.3 2 0
github.com/hahaclassic/orpheon/backend/pkg/cmdrouter/cmdrouter.go:54.2,54.14 1 0
github.com/hahaclassic/orpheon/backend/pkg/cmdrouter/cmdrouter.go:57.66,59.2 1 0
github.com/hahaclassic/orpheon/backend/pkg/cmdrouter/cmdrouter.go:61.46,62.15 1 0
github.com/hahaclassic/orpheon/backend/pkg/cmdrouter/cmdrouter.go:62.15,63.31 1 0
github.com/hahaclassic/orpheon/backend/pkg/cmdrouter/cmdrouter.go:63.31,65.4 1 0
github.com/hahaclassic/orpheon/backend/pkg/cmdrouter/cmdrouter.go:68.2,70.6 2 0
github.com/hahaclassic/orpheon/backend/pkg/cmdrouter/cmdrouter.go:70.6,72.27 2 0
github.com/hahaclassic/orpheon/backend/pkg/cmdrouter/cmdrouter.go:72.27,73.9 1 0
github.com/hahaclassic/orpheon/backend/pkg/cmdrouter/cmdrouter.go:76.3,76.55 1 0
github.com/hahaclassic/orpheon/backend/pkg/cmdrouter/cmdrouter.go:76.55,78.12 2 0
github.com/hahaclassic/orpheon/backend/pkg/cmdrouter/cmdrouter.go:81.3,81.16 1 0
github.com/hahaclassic/orpheon/backend/pkg/cmdrouter/cmdrouter.go:85.36,89.6 3 0
github.com/hahaclassic/orpheon/backend/pkg/cmdrouter/cmdrouter.go:89.6,92.45 2 0
github.com/hahaclassic/orpheon/backend/pkg/cmdrouter/cmdrouter.go:92.45,93.9 1 0
github.com/hahaclassic/orpheon/backend/pkg/cmdrouter/cmdrouter.go:96.3,96.44 1 0
github.com/hahaclassic/orpheon/backend/pkg/cmdrouter/cmdrouter.go:99.2,99.15 1 0
github.com/hahaclassic/orpheon/backend/pkg/cmdrouter/cmdrouter.go:102.32,106.28 3 0
github.com/hahaclassic/orpheon/backend/pkg/cmdrouter/cmdrouter.go:106.28,108.3 1 0
github.com/hahaclassic/orpheon/backend/pkg/cmdrouter/cmdrouter.go:110.2,110.15 1 0
github.com/hahaclassic/orpheon/backend/pkg/cmdrouter/cmdrouter.go:110.15,112.3 1 0
github.com/hahaclassic/orpheon/backend/pkg/cmdrouter/cmdrouter.go:112.8,114.3 1 0
github.com/hahaclassic/orpheon/backend/pkg/cmdrouter/cmdrouter.go:116.2,117.15 2 0
github.com/hahaclassic/orpheon/backend/pkg/errwrap/errwrap.go:5.49,6.17 1 0
github.com/hahaclassic/orpheon/backend/pkg/errwrap/errwrap.go:6.17,8.3 1 0
github.com/hahaclassic/orpheon/backend/pkg/errwrap/errwrap.go:10.2,10.12 1 0
github.com/hahaclassic/orpheon/backend/pkg/errwrap/errwrap.go:13.44,15.2 1 0
github.com/hahaclassic/orpheon/backend/cmd/orpheon/main.go:12.13,15.2 2 0
github.com/hahaclassic/orpheon/backend/cmd/orpheon/main.go:17.13,21.2 2 0
github.com/hahaclassic/orpheon/backend/pkg/table/table.go:17.42,18.31 1 0
github.com/hahaclassic/orpheon/backend/pkg/table/table.go:18.31,20.3 1 0
github.com/hahaclassic/orpheon/backend/pkg/table/table.go:23.43,24.31 1 0
github.com/hahaclassic/orpheon/backend/pkg/table/table.go:24.31,26.3 1 0
github.com/hahaclassic/orpheon/backend/pkg/table/table.go:29.36,30.31 1 0
github.com/hahaclassic/orpheon/backend/pkg/table/table.go:30.31,32.3 1 0
github.com/hahaclassic/orpheon/backend/pkg/table/table.go:35.55,39.33 2 0
github.com/hahaclassic/orpheon/backend/pkg/table/table.go:39.33,41.3 1 0
github.com/hahaclassic/orpheon/backend/pkg/table/table.go:43.2,43.11 1 0
github.com/hahaclassic/orpheon/backend/pkg/table/table.go:46.53,48.2 1 0
github.com/hahaclassic/orpheon/backend/pkg/table/table.go:50.46,52.2 1 0
github.com/hahaclassic/orpheon/backend/pkg/table/table.go:54.44,58.24 3 0
github.com/hahaclassic/orpheon/backend/pkg/table/table.go:58.24,60.28 2 0
github.com/hahaclassic/orpheon/backend/pkg/table/table.go:60.28,62.4 1 0
github.com/hahaclassic/orpheon/backend/pkg/table/table.go:63.3,63.30 1 0
github.com/hahaclassic/orpheon/backend/pkg/table/table.go:66.2,66.21 1 0
github.com/hahaclassic/orpheon/backend/pkg/table/table.go:66.21,67.30 1 0
github.com/hahaclassic/orpheon/backend/pkg/table/table.go:67.30,69.4 1 0
github.com/hahaclassic/orpheon/backend/pkg/table/table.go:72.2,73.12 2 0
github.com/hahaclassic/orpheon/backend/pkg/table/table.go:76.67,80.22 3 0
github.com/hahaclassic/orpheon/backend/pkg/table/table.go:80.22,82.26 2 0
github.com/hahaclassic/orpheon/backend/pkg/table/table.go:82.26,84.4 1 0
github.com/hahaclassic/orpheon/backend/pkg/table/table.go:85.3,85.30 1 0
github.com/hahaclassic/orpheon/backend/pkg/table/table.go:88.2,88.19 1 0
github.com/hahaclassic/orpheon/backend/pkg/table/table.go:88.19,89.28 1 0
github.com/hahaclassic/orpheon/backend/pkg/table/table.go:89.28,91.4 1 0
github.com/hahaclassic/orpheon/backend/pkg/table/table.go:94.2,95.12 2 0
github.com/hahaclassic/orpheon/backend/pkg/table/table.go:98.68,102.25 4 0
github.com/hahaclassic/orpheon/backend/pkg/table/table.go:102.25,104.3 1 0
github.com/hahaclassic/orpheon/backend/pkg/table/table.go:105.2,107.27 2 0
github.com/hahaclassic/orpheon/backend/pkg/table/table.go:107.27,109.3 1 0
github.com/hahaclassic/orpheon/backend/pkg/table/table.go:110.2,111.12 2 0
github.com/hahaclassic/orpheon/backend/internal/adapters/tokens/jwt/tokens.go:39.53,43.2 1 5
github.com/hahaclassic/orpheon/backend/internal/adapters/tokens/jwt/tokens.go:45.86,60.2 5 3
github.com/hahaclassic/orpheon/backend/internal/adapters/tokens/jwt/tokens.go:62.85,65.90 2 5
github.com/hahaclassic/orpheon/backend/internal/adapters/tokens/jwt/tokens.go:65.90,66.54 1 4
github.com/hahaclassic/orpheon/backend/internal/adapters/tokens/jwt/tokens.go:66.54,68.4 1 0
github.com/hahaclassic/orpheon/backend/internal/adapters/tokens/jwt/tokens.go:69.3,69.30 1 4
github.com/hahaclassic/orpheon/backend/internal/adapters/tokens/jwt/tokens.go:72.2,72.9 1 5
github.com/hahaclassic/orpheon/backend/internal/adapters/tokens/jwt/tokens.go:73.43,74.25 1 1
github.com/hahaclassic/orpheon/backend/internal/adapters/tokens/jwt/tokens.go:75.49,76.31 1 0
github.com/hahaclassic/orpheon/backend/internal/adapters/tokens/jwt/tokens.go:77.18,78.30 1 2
github.com/hahaclassic/orpheon/backend/internal/adapters/tokens/jwt/tokens.go:79.20,80.36 1 0
github.com/hahaclassic/orpheon/backend/internal/adapters/tokens/jwt/tokens.go:83.2,86.8 1 2
github.com/hahaclassic/orpheon/backend/internal/adapters/tokens/jwt/tokens.go:89.66,91.16 2 0
github.com/hahaclassic/orpheon/backend/internal/adapters/tokens/jwt/tokens.go:91.16,93.3 1 0
github.com/hahaclassic/orpheon/backend/internal/adapters/tokens/jwt/tokens.go:95.2,95.33 1 0
