mode: atomic
github.com/hahaclassic/orpheon/backend/internal/domain/services/content/album/cover/cover.go:23.56,27.2 1 8
github.com/hahaclassic/orpheon/backend/internal/domain/services/content/album/cover/cover.go:29.107,30.15 1 2
github.com/hahaclassic/orpheon/backend/internal/domain/services/content/album/cover/cover.go:30.15,32.3 1 2
github.com/hahaclassic/orpheon/backend/internal/domain/services/content/album/cover/cover.go:34.2,34.38 1 2
github.com/hahaclassic/orpheon/backend/internal/domain/services/content/album/cover/cover.go:37.118,38.15 1 3
github.com/hahaclassic/orpheon/backend/internal/domain/services/content/album/cover/cover.go:38.15,40.3 1 3
github.com/hahaclassic/orpheon/backend/internal/domain/services/content/album/cover/cover.go:42.2,42.38 1 3
github.com/hahaclassic/orpheon/backend/internal/domain/services/content/album/cover/cover.go:42.38,44.3 1 1
github.com/hahaclassic/orpheon/backend/internal/domain/services/content/album/cover/cover.go:46.2,46.37 1 2
github.com/hahaclassic/orpheon/backend/internal/domain/services/content/album/cover/cover.go:49.116,50.15 1 3
github.com/hahaclassic/orpheon/backend/internal/domain/services/content/album/cover/cover.go:50.15,52.3 1 3
github.com/hahaclassic/orpheon/backend/internal/domain/services/content/album/cover/cover.go:54.2,54.38 1 3
github.com/hahaclassic/orpheon/backend/internal/domain/services/content/album/cover/cover.go:54.38,56.3 1 1
github.com/hahaclassic/orpheon/backend/internal/domain/services/content/album/cover/cover.go:58.2,58.41 1 2
github.com/hahaclassic/orpheon/backend/internal/domain/services/auth/auth.go:56.90,64.2 1 6
github.com/hahaclassic/orpheon/backend/internal/domain/services/auth/auth.go:66.128,67.15 1 1
github.com/hahaclassic/orpheon/backend/internal/domain/services/auth/auth.go:67.15,69.3 1 1
github.com/hahaclassic/orpheon/backend/internal/domain/services/auth/auth.go:71.2,72.16 2 1
github.com/hahaclassic/orpheon/backend/internal/domain/services/auth/auth.go:72.16,74.3 1 0
github.com/hahaclassic/orpheon/backend/internal/domain/services/auth/auth.go:76.2,77.16 2 1
github.com/hahaclassic/orpheon/backend/internal/domain/services/auth/auth.go:77.16,79.3 1 0
github.com/hahaclassic/orpheon/backend/internal/domain/services/auth/auth.go:81.2,87.16 3 1
github.com/hahaclassic/orpheon/backend/internal/domain/services/auth/auth.go:87.16,89.3 1 0
github.com/hahaclassic/orpheon/backend/internal/domain/services/auth/auth.go:91.2,91.34 1 1
github.com/hahaclassic/orpheon/backend/internal/domain/services/auth/auth.go:94.121,95.15 1 2
github.com/hahaclassic/orpheon/backend/internal/domain/services/auth/auth.go:95.15,97.3 1 2
github.com/hahaclassic/orpheon/backend/internal/domain/services/auth/auth.go:99.2,100.16 2 2
github.com/hahaclassic/orpheon/backend/internal/domain/services/auth/auth.go:100.16,102.3 1 0
github.com/hahaclassic/orpheon/backend/internal/domain/services/auth/auth.go:104.2,104.82 1 2
github.com/hahaclassic/orpheon/backend/internal/domain/services/auth/auth.go:104.82,106.3 1 0
github.com/hahaclassic/orpheon/backend/internal/domain/services/auth/auth.go:108.2,109.16 2 2
github.com/hahaclassic/orpheon/backend/internal/domain/services/auth/auth.go:109.16,111.3 1 0
github.com/hahaclassic/orpheon/backend/internal/domain/services/auth/auth.go:113.2,114.16 2 2
github.com/hahaclassic/orpheon/backend/internal/domain/services/auth/auth.go:114.16,116.3 1 0
github.com/hahaclassic/orpheon/backend/internal/domain/services/auth/auth.go:118.2,119.16 2 2
github.com/hahaclassic/orpheon/backend/internal/domain/services/auth/auth.go:119.16,121.3 1 0
github.com/hahaclassic/orpheon/backend/internal/domain/services/auth/auth.go:123.2,124.16 2 2
github.com/hahaclassic/orpheon/backend/internal/domain/services/auth/auth.go:124.16,126.3 1 0
github.com/hahaclassic/orpheon/backend/internal/domain/services/auth/auth.go:128.2,130.30 1 2
github.com/hahaclassic/orpheon/backend/internal/domain/services/auth/auth.go:133.84,134.15 1 1
github.com/hahaclassic/orpheon/backend/internal/domain/services/auth/auth.go:134.15,136.3 1 1
github.com/hahaclassic/orpheon/backend/internal/domain/services/auth/auth.go:138.2,138.48 1 1
github.com/hahaclassic/orpheon/backend/internal/domain/services/auth/auth.go:141.113,142.15 1 1
github.com/hahaclassic/orpheon/backend/internal/domain/services/auth/auth.go:142.15,144.3 1 1
github.com/hahaclassic/orpheon/backend/internal/domain/services/auth/auth.go:146.2,147.16 2 1
github.com/hahaclassic/orpheon/backend/internal/domain/services/auth/auth.go:147.16,149.3 1 0
github.com/hahaclassic/orpheon/backend/internal/domain/services/auth/auth.go:151.2,152.16 2 1
github.com/hahaclassic/orpheon/backend/internal/domain/services/auth/auth.go:152.16,154.3 1 0
github.com/hahaclassic/orpheon/backend/internal/domain/services/auth/auth.go:156.2,157.16 2 1
github.com/hahaclassic/orpheon/backend/internal/domain/services/auth/auth.go:157.16,159.3 1 0
github.com/hahaclassic/orpheon/backend/internal/domain/services/auth/auth.go:161.2,162.16 2 1
github.com/hahaclassic/orpheon/backend/internal/domain/services/auth/auth.go:162.16,164.3 1 0
github.com/hahaclassic/orpheon/backend/internal/domain/services/auth/auth.go:166.2,167.16 2 1
github.com/hahaclassic/orpheon/backend/internal/domain/services/auth/auth.go:167.16,169.3 1 0
github.com/hahaclassic/orpheon/backend/internal/domain/services/auth/auth.go:171.2,171.74 1 1
github.com/hahaclassic/orpheon/backend/internal/domain/services/auth/auth.go:174.122,175.15 1 1
github.com/hahaclassic/orpheon/backend/internal/domain/services/auth/auth.go:175.15,177.3 1 1
github.com/hahaclassic/orpheon/backend/internal/domain/services/auth/auth.go:179.2,180.16 2 1
github.com/hahaclassic/orpheon/backend/internal/domain/services/auth/auth.go:180.16,182.3 1 0
github.com/hahaclassic/orpheon/backend/internal/domain/services/auth/auth.go:184.2,184.75 1 1
github.com/hahaclassic/orpheon/backend/internal/domain/services/auth/auth.go:184.75,186.3 1 0
github.com/hahaclassic/orpheon/backend/internal/domain/services/auth/auth.go:188.2,189.16 2 1
github.com/hahaclassic/orpheon/backend/internal/domain/services/auth/auth.go:189.16,191.3 1 0
github.com/hahaclassic/orpheon/backend/internal/domain/services/auth/auth.go:193.2,193.66 1 1
github.com/hahaclassic/orpheon/backend/internal/domain/services/auth/auth.go:196.104,197.15 1 1
github.com/hahaclassic/orpheon/backend/internal/domain/services/auth/auth.go:197.15,199.3 1 1
github.com/hahaclassic/orpheon/backend/internal/domain/services/auth/auth.go:201.2,201.53 1 1
github.com/hahaclassic/orpheon/backend/internal/domain/services/content/album/meta/meta.go:29.46,33.2 1 11
github.com/hahaclassic/orpheon/backend/internal/domain/services/content/album/meta/meta.go:35.117,36.15 1 3
github.com/hahaclassic/orpheon/backend/internal/domain/services/content/album/meta/meta.go:36.15,38.3 1 3
github.com/hahaclassic/orpheon/backend/internal/domain/services/content/album/meta/meta.go:39.2,39.38 1 3
github.com/hahaclassic/orpheon/backend/internal/domain/services/content/album/meta/meta.go:39.38,41.3 1 1
github.com/hahaclassic/orpheon/backend/internal/domain/services/content/album/meta/meta.go:43.2,44.16 2 2
github.com/hahaclassic/orpheon/backend/internal/domain/services/content/album/meta/meta.go:44.16,46.3 1 0
github.com/hahaclassic/orpheon/backend/internal/domain/services/content/album/meta/meta.go:48.2,48.39 1 2
github.com/hahaclassic/orpheon/backend/internal/domain/services/content/album/meta/meta.go:51.106,52.15 1 2
github.com/hahaclassic/orpheon/backend/internal/domain/services/content/album/meta/meta.go:52.15,54.3 1 2
github.com/hahaclassic/orpheon/backend/internal/domain/services/content/album/meta/meta.go:56.2,56.38 1 2
github.com/hahaclassic/orpheon/backend/internal/domain/services/content/album/meta/meta.go:59.117,60.15 1 3
github.com/hahaclassic/orpheon/backend/internal/domain/services/content/album/meta/meta.go:60.15,62.3 1 3
github.com/hahaclassic/orpheon/backend/internal/domain/services/content/album/meta/meta.go:64.2,64.38 1 3
github.com/hahaclassic/orpheon/backend/internal/domain/services/content/album/meta/meta.go:64.38,66.3 1 1
github.com/hahaclassic/orpheon/backend/internal/domain/services/content/album/meta/meta.go:68.2,68.39 1 2
github.com/hahaclassic/orpheon/backend/internal/domain/services/content/album/meta/meta.go:71.111,72.15 1 3
github.com/hahaclassic/orpheon/backend/internal/domain/services/content/album/meta/meta.go:72.15,74.3 1 3
github.com/hahaclassic/orpheon/backend/internal/domain/services/content/album/meta/meta.go:76.2,76.38 1 3
github.com/hahaclassic/orpheon/backend/internal/domain/services/content/album/meta/meta.go:76.38,78.3 1 1
github.com/hahaclassic/orpheon/backend/internal/domain/services/content/album/meta/meta.go:80.2,80.41 1 2
github.com/hahaclassic/orpheon/backend/internal/domain/services/content/artist/avatar/avatar.go:23.77,27.2 1 8
github.com/hahaclassic/orpheon/backend/internal/domain/services/content/artist/avatar/avatar.go:29.109,30.15 1 2
github.com/hahaclassic/orpheon/backend/internal/domain/services/content/artist/avatar/avatar.go:30.15,32.3 1 2
github.com/hahaclassic/orpheon/backend/internal/domain/services/content/artist/avatar/avatar.go:34.2,34.39 1 2
github.com/hahaclassic/orpheon/backend/internal/domain/services/content/artist/avatar/avatar.go:37.119,38.15 1 3
github.com/hahaclassic/orpheon/backend/internal/domain/services/content/artist/avatar/avatar.go:38.15,40.3 1 3
github.com/hahaclassic/orpheon/backend/internal/domain/services/content/artist/avatar/avatar.go:42.2,42.38 1 3
github.com/hahaclassic/orpheon/backend/internal/domain/services/content/artist/avatar/avatar.go:42.38,44.3 1 1
github.com/hahaclassic/orpheon/backend/internal/domain/services/content/artist/avatar/avatar.go:46.2,46.37 1 2
github.com/hahaclassic/orpheon/backend/internal/domain/services/content/artist/avatar/avatar.go:49.118,50.15 1 3
github.com/hahaclassic/orpheon/backend/internal/domain/services/content/artist/avatar/avatar.go:50.15,52.3 1 3
github.com/hahaclassic/orpheon/backend/internal/domain/services/content/artist/avatar/avatar.go:54.2,54.38 1 3
github.com/hahaclassic/orpheon/backend/internal/domain/services/content/artist/avatar/avatar.go:54.38,56.3 1 1
github.com/hahaclassic/orpheon/backend/internal/domain/services/content/artist/avatar/avatar.go:58.2,58.42 1 2
github.com/hahaclassic/orpheon/backend/internal/domain/services/content/artist/assign/assign.go:22.79,26.2 1 6
github.com/hahaclassic/orpheon/backend/internal/domain/services/content/artist/assign/assign.go:28.146,29.15 1 3
github.com/hahaclassic/orpheon/backend/internal/domain/services/content/artist/assign/assign.go:29.15,31.3 1 3
github.com/hahaclassic/orpheon/backend/internal/domain/services/content/artist/assign/assign.go:33.2,33.38 1 3
github.com/hahaclassic/orpheon/backend/internal/domain/services/content/artist/assign/assign.go:33.38,35.3 1 1
github.com/hahaclassic/orpheon/backend/internal/domain/services/content/artist/assign/assign.go:37.2,37.59 1 2
github.com/hahaclassic/orpheon/backend/internal/domain/services/content/artist/assign/assign.go:40.146,41.15 1 3
github.com/hahaclassic/orpheon/backend/internal/domain/services/content/artist/assign/assign.go:41.15,43.3 1 3
github.com/hahaclassic/orpheon/backend/internal/domain/services/content/artist/assign/assign.go:45.2,45.38 1 3
github.com/hahaclassic/orpheon/backend/internal/domain/services/content/artist/assign/assign.go:45.38,47.3 1 1
github.com/hahaclassic/orpheon/backend/internal/domain/services/content/artist/assign/assign.go:49.2,49.59 1 2
github.com/hahaclassic/orpheon/backend/internal/domain/services/content/artist/meta/meta.go:29.56,31.2 1 10
github.com/hahaclassic/orpheon/backend/internal/domain/services/content/artist/meta/meta.go:33.118,34.15 1 2
github.com/hahaclassic/orpheon/backend/internal/domain/services/content/artist/meta/meta.go:34.15,36.3 1 2
github.com/hahaclassic/orpheon/backend/internal/domain/services/content/artist/meta/meta.go:38.2,38.38 1 2
github.com/hahaclassic/orpheon/backend/internal/domain/services/content/artist/meta/meta.go:41.129,42.15 1 2
github.com/hahaclassic/orpheon/backend/internal/domain/services/content/artist/meta/meta.go:42.15,44.3 1 2
github.com/hahaclassic/orpheon/backend/internal/domain/services/content/artist/meta/meta.go:46.2,46.38 1 2
github.com/hahaclassic/orpheon/backend/internal/domain/services/content/artist/meta/meta.go:46.38,48.3 1 1
github.com/hahaclassic/orpheon/backend/internal/domain/services/content/artist/meta/meta.go:50.2,50.51 1 1
github.com/hahaclassic/orpheon/backend/internal/domain/services/content/artist/meta/meta.go:50.51,52.3 1 0
github.com/hahaclassic/orpheon/backend/internal/domain/services/content/artist/meta/meta.go:54.2,54.35 1 1
github.com/hahaclassic/orpheon/backend/internal/domain/services/content/artist/meta/meta.go:57.129,58.15 1 3
github.com/hahaclassic/orpheon/backend/internal/domain/services/content/artist/meta/meta.go:58.15,60.3 1 3
github.com/hahaclassic/orpheon/backend/internal/domain/services/content/artist/meta/meta.go:62.2,62.38 1 3
github.com/hahaclassic/orpheon/backend/internal/domain/services/content/artist/meta/meta.go:62.38,64.3 1 1
github.com/hahaclassic/orpheon/backend/internal/domain/services/content/artist/meta/meta.go:66.2,66.35 1 2
github.com/hahaclassic/orpheon/backend/internal/domain/services/content/artist/meta/meta.go:69.122,70.15 1 3
github.com/hahaclassic/orpheon/backend/internal/domain/services/content/artist/meta/meta.go:70.15,72.3 1 3
github.com/hahaclassic/orpheon/backend/internal/domain/services/content/artist/meta/meta.go:74.2,74.38 1 3
github.com/hahaclassic/orpheon/backend/internal/domain/services/content/artist/meta/meta.go:74.38,76.3 1 1
github.com/hahaclassic/orpheon/backend/internal/domain/services/content/artist/meta/meta.go:78.2,78.37 1 2
github.com/hahaclassic/orpheon/backend/internal/domain/services/content/license/license.go:31.64,33.2 1 14
github.com/hahaclassic/orpheon/backend/internal/domain/services/content/license/license.go:35.121,36.15 1 3
github.com/hahaclassic/orpheon/backend/internal/domain/services/content/license/license.go:36.15,38.3 1 3
github.com/hahaclassic/orpheon/backend/internal/domain/services/content/license/license.go:40.2,40.38 1 3
github.com/hahaclassic/orpheon/backend/internal/domain/services/content/license/license.go:40.38,42.3 1 1
github.com/hahaclassic/orpheon/backend/internal/domain/services/content/license/license.go:44.2,45.16 2 2
github.com/hahaclassic/orpheon/backend/internal/domain/services/content/license/license.go:45.16,47.3 1 0
github.com/hahaclassic/orpheon/backend/internal/domain/services/content/license/license.go:49.2,49.36 1 2
github.com/hahaclassic/orpheon/backend/internal/domain/services/content/license/license.go:52.114,53.15 1 3
github.com/hahaclassic/orpheon/backend/internal/domain/services/content/license/license.go:53.15,55.3 1 3
github.com/hahaclassic/orpheon/backend/internal/domain/services/content/license/license.go:57.2,57.27 1 3
github.com/hahaclassic/orpheon/backend/internal/domain/services/content/license/license.go:57.27,59.3 1 1
github.com/hahaclassic/orpheon/backend/internal/domain/services/content/license/license.go:61.2,61.39 1 2
github.com/hahaclassic/orpheon/backend/internal/domain/services/content/license/license.go:64.95,65.15 1 0
github.com/hahaclassic/orpheon/backend/internal/domain/services/content/license/license.go:65.15,67.3 1 0
github.com/hahaclassic/orpheon/backend/internal/domain/services/content/license/license.go:69.2,69.27 1 0
github.com/hahaclassic/orpheon/backend/internal/domain/services/content/license/license.go:72.121,73.15 1 4
github.com/hahaclassic/orpheon/backend/internal/domain/services/content/license/license.go:73.15,75.3 1 4
github.com/hahaclassic/orpheon/backend/internal/domain/services/content/license/license.go:77.2,77.38 1 4
github.com/hahaclassic/orpheon/backend/internal/domain/services/content/license/license.go:77.38,79.3 1 1
github.com/hahaclassic/orpheon/backend/internal/domain/services/content/license/license.go:81.2,81.28 1 3
github.com/hahaclassic/orpheon/backend/internal/domain/services/content/license/license.go:81.28,83.3 1 1
github.com/hahaclassic/orpheon/backend/internal/domain/services/content/license/license.go:85.2,85.36 1 2
github.com/hahaclassic/orpheon/backend/internal/domain/services/content/license/license.go:88.117,89.15 1 4
github.com/hahaclassic/orpheon/backend/internal/domain/services/content/license/license.go:89.15,91.3 1 4
github.com/hahaclassic/orpheon/backend/internal/domain/services/content/license/license.go:93.2,93.38 1 4
github.com/hahaclassic/orpheon/backend/internal/domain/services/content/license/license.go:93.38,95.3 1 1
github.com/hahaclassic/orpheon/backend/internal/domain/services/content/license/license.go:97.2,97.27 1 3
github.com/hahaclassic/orpheon/backend/internal/domain/services/content/license/license.go:97.27,99.3 1 1
github.com/hahaclassic/orpheon/backend/internal/domain/services/content/license/license.go:101.2,101.38 1 2
github.com/hahaclassic/orpheon/backend/internal/domain/services/content/genre/genre.go:31.58,33.2 1 14
github.com/hahaclassic/orpheon/backend/internal/domain/services/content/genre/genre.go:35.113,36.15 1 3
github.com/hahaclassic/orpheon/backend/internal/domain/services/content/genre/genre.go:36.15,38.3 1 3
github.com/hahaclassic/orpheon/backend/internal/domain/services/content/genre/genre.go:40.2,40.38 1 3
github.com/hahaclassic/orpheon/backend/internal/domain/services/content/genre/genre.go:40.38,42.3 1 1
github.com/hahaclassic/orpheon/backend/internal/domain/services/content/genre/genre.go:44.2,45.16 2 2
github.com/hahaclassic/orpheon/backend/internal/domain/services/content/genre/genre.go:45.16,47.3 1 0
github.com/hahaclassic/orpheon/backend/internal/domain/services/content/genre/genre.go:49.2,49.34 1 2
github.com/hahaclassic/orpheon/backend/internal/domain/services/content/genre/genre.go:52.106,53.15 1 3
github.com/hahaclassic/orpheon/backend/internal/domain/services/content/genre/genre.go:53.15,55.3 1 3
github.com/hahaclassic/orpheon/backend/internal/domain/services/content/genre/genre.go:57.2,57.25 1 3
github.com/hahaclassic/orpheon/backend/internal/domain/services/content/genre/genre.go:57.25,59.3 1 1
github.com/hahaclassic/orpheon/backend/internal/domain/services/content/genre/genre.go:61.2,61.37 1 2
github.com/hahaclassic/orpheon/backend/internal/domain/services/content/genre/genre.go:64.89,65.15 1 0
github.com/hahaclassic/orpheon/backend/internal/domain/services/content/genre/genre.go:65.15,67.3 1 0
github.com/hahaclassic/orpheon/backend/internal/domain/services/content/genre/genre.go:69.2,69.27 1 0
github.com/hahaclassic/orpheon/backend/internal/domain/services/content/genre/genre.go:72.113,73.15 1 4
github.com/hahaclassic/orpheon/backend/internal/domain/services/content/genre/genre.go:73.15,75.3 1 4
github.com/hahaclassic/orpheon/backend/internal/domain/services/content/genre/genre.go:77.2,77.38 1 4
github.com/hahaclassic/orpheon/backend/internal/domain/services/content/genre/genre.go:77.38,79.3 1 1
github.com/hahaclassic/orpheon/backend/internal/domain/services/content/genre/genre.go:81.2,81.26 1 3
github.com/hahaclassic/orpheon/backend/internal/domain/services/content/genre/genre.go:81.26,83.3 1 1
github.com/hahaclassic/orpheon/backend/internal/domain/services/content/genre/genre.go:85.2,85.34 1 2
github.com/hahaclassic/orpheon/backend/internal/domain/services/content/genre/genre.go:88.111,89.15 1 4
github.com/hahaclassic/orpheon/backend/internal/domain/services/content/genre/genre.go:89.15,91.3 1 4
github.com/hahaclassic/orpheon/backend/internal/domain/services/content/genre/genre.go:93.2,93.38 1 4
github.com/hahaclassic/orpheon/backend/internal/domain/services/content/genre/genre.go:93.38,95.3 1 1
github.com/hahaclassic/orpheon/backend/internal/domain/services/content/genre/genre.go:97.2,97.25 1 3
github.com/hahaclassic/orpheon/backend/internal/domain/services/content/genre/genre.go:97.25,99.3 1 1
github.com/hahaclassic/orpheon/backend/internal/domain/services/content/genre/genre.go:101.2,101.36 1 2
github.com/hahaclassic/orpheon/backend/internal/domain/services/content/playlist/deleter/deleter.go:44.67,45.35 1 5
github.com/hahaclassic/orpheon/backend/internal/domain/services/content/playlist/deleter/deleter.go:45.35,47.3 1 5
github.com/hahaclassic/orpheon/backend/internal/domain/services/content/playlist/deleter/deleter.go:50.71,51.35 1 5
github.com/hahaclassic/orpheon/backend/internal/domain/services/content/playlist/deleter/deleter.go:51.35,53.3 1 5
github.com/hahaclassic/orpheon/backend/internal/domain/services/content/playlist/deleter/deleter.go:56.81,57.35 1 5
github.com/hahaclassic/orpheon/backend/internal/domain/services/content/playlist/deleter/deleter.go:57.35,59.3 1 5
github.com/hahaclassic/orpheon/backend/internal/domain/services/content/playlist/deleter/deleter.go:62.78,63.35 1 5
github.com/hahaclassic/orpheon/backend/internal/domain/services/content/playlist/deleter/deleter.go:63.35,65.3 1 5
github.com/hahaclassic/orpheon/backend/internal/domain/services/content/playlist/deleter/deleter.go:68.50,70.36 2 5
github.com/hahaclassic/orpheon/backend/internal/domain/services/content/playlist/deleter/deleter.go:70.36,72.3 1 20
github.com/hahaclassic/orpheon/backend/internal/domain/services/content/playlist/deleter/deleter.go:74.2,74.16 1 5
github.com/hahaclassic/orpheon/backend/internal/domain/services/content/playlist/deleter/deleter.go:79.120,82.15 2 5
github.com/hahaclassic/orpheon/backend/internal/domain/services/content/playlist/deleter/deleter.go:82.15,83.17 1 5
github.com/hahaclassic/orpheon/backend/internal/domain/services/content/playlist/deleter/deleter.go:83.17,86.45 2 4
github.com/hahaclassic/orpheon/backend/internal/domain/services/content/playlist/deleter/deleter.go:86.45,88.5 1 6
github.com/hahaclassic/orpheon/backend/internal/domain/services/content/playlist/deleter/deleter.go:92.2,92.24 1 5
github.com/hahaclassic/orpheon/backend/internal/domain/services/content/playlist/deleter/deleter.go:92.24,94.17 2 5
github.com/hahaclassic/orpheon/backend/internal/domain/services/content/playlist/deleter/deleter.go:94.17,96.4 1 1
github.com/hahaclassic/orpheon/backend/internal/domain/services/content/playlist/deleter/deleter.go:97.3,97.42 1 4
github.com/hahaclassic/orpheon/backend/internal/domain/services/content/playlist/deleter/deleter.go:100.2,100.20 1 4
github.com/hahaclassic/orpheon/backend/internal/domain/services/content/playlist/deleter/deleter.go:100.20,102.17 2 4
github.com/hahaclassic/orpheon/backend/internal/domain/services/content/playlist/deleter/deleter.go:102.17,104.4 1 1
github.com/hahaclassic/orpheon/backend/internal/domain/services/content/playlist/deleter/deleter.go:105.3,105.42 1 3
github.com/hahaclassic/orpheon/backend/internal/domain/services/content/playlist/deleter/deleter.go:108.2,108.21 1 3
github.com/hahaclassic/orpheon/backend/internal/domain/services/content/playlist/deleter/deleter.go:108.21,110.17 2 3
github.com/hahaclassic/orpheon/backend/internal/domain/services/content/playlist/deleter/deleter.go:110.17,112.4 1 1
github.com/hahaclassic/orpheon/backend/internal/domain/services/content/playlist/deleter/deleter.go:113.3,113.42 1 2
github.com/hahaclassic/orpheon/backend/internal/domain/services/content/playlist/deleter/deleter.go:116.2,116.19 1 2
github.com/hahaclassic/orpheon/backend/internal/domain/services/content/playlist/deleter/deleter.go:116.19,118.17 2 2
github.com/hahaclassic/orpheon/backend/internal/domain/services/content/playlist/deleter/deleter.go:118.17,120.4 1 1
github.com/hahaclassic/orpheon/backend/internal/domain/services/content/playlist/deleter/deleter.go:123.2,123.12 1 1
github.com/hahaclassic/orpheon/backend/internal/domain/services/content/playlist/deleter/deleter.go:126.127,128.16 2 5
github.com/hahaclassic/orpheon/backend/internal/domain/services/content/playlist/deleter/deleter.go:128.16,130.3 1 1
github.com/hahaclassic/orpheon/backend/internal/domain/services/content/playlist/deleter/deleter.go:132.2,133.16 2 4
github.com/hahaclassic/orpheon/backend/internal/domain/services/content/playlist/deleter/deleter.go:133.16,135.3 1 0
github.com/hahaclassic/orpheon/backend/internal/domain/services/content/playlist/deleter/deleter.go:137.2,137.22 1 4
github.com/hahaclassic/orpheon/backend/internal/domain/services/content/playlist/deleter/deleter.go:137.22,139.3 1 3
github.com/hahaclassic/orpheon/backend/internal/domain/services/content/playlist/deleter/deleter.go:142.127,144.16 2 3
github.com/hahaclassic/orpheon/backend/internal/domain/services/content/playlist/deleter/deleter.go:144.16,146.3 1 1
github.com/hahaclassic/orpheon/backend/internal/domain/services/content/playlist/deleter/deleter.go:148.2,149.16 2 2
github.com/hahaclassic/orpheon/backend/internal/domain/services/content/playlist/deleter/deleter.go:149.16,151.3 1 0
github.com/hahaclassic/orpheon/backend/internal/domain/services/content/playlist/deleter/deleter.go:153.2,153.22 1 2
github.com/hahaclassic/orpheon/backend/internal/domain/services/content/playlist/deleter/deleter.go:153.22,155.3 1 1
github.com/hahaclassic/orpheon/backend/internal/domain/services/content/playlist/deleter/deleter.go:158.123,160.16 2 4
github.com/hahaclassic/orpheon/backend/internal/domain/services/content/playlist/deleter/deleter.go:160.16,162.3 1 1
github.com/hahaclassic/orpheon/backend/internal/domain/services/content/playlist/deleter/deleter.go:164.2,165.16 2 3
github.com/hahaclassic/orpheon/backend/internal/domain/services/content/playlist/deleter/deleter.go:165.16,167.3 1 0
github.com/hahaclassic/orpheon/backend/internal/domain/services/content/playlist/deleter/deleter.go:169.2,169.22 1 3
github.com/hahaclassic/orpheon/backend/internal/domain/services/content/playlist/deleter/deleter.go:169.22,171.3 1 2
github.com/hahaclassic/orpheon/backend/internal/domain/services/content/playlist/deleter/deleter.go:174.110,176.2 1 2
github.com/hahaclassic/orpheon/backend/internal/domain/services/content/playlist/cover/cover.go:23.100,28.2 1 9
github.com/hahaclassic/orpheon/backend/internal/domain/services/content/playlist/cover/cover.go:30.136,31.15 1 3
github.com/hahaclassic/orpheon/backend/internal/domain/services/content/playlist/cover/cover.go:31.15,33.3 1 3
github.com/hahaclassic/orpheon/backend/internal/domain/services/content/playlist/cover/cover.go:35.2,36.16 2 3
github.com/hahaclassic/orpheon/backend/internal/domain/services/content/playlist/cover/cover.go:36.16,38.3 1 1
github.com/hahaclassic/orpheon/backend/internal/domain/services/content/playlist/cover/cover.go:40.2,40.41 1 2
github.com/hahaclassic/orpheon/backend/internal/domain/services/content/playlist/cover/cover.go:43.121,44.15 1 3
github.com/hahaclassic/orpheon/backend/internal/domain/services/content/playlist/cover/cover.go:44.15,46.3 1 3
github.com/hahaclassic/orpheon/backend/internal/domain/services/content/playlist/cover/cover.go:48.2,49.16 2 3
github.com/hahaclassic/orpheon/backend/internal/domain/services/content/playlist/cover/cover.go:49.16,51.3 1 1
github.com/hahaclassic/orpheon/backend/internal/domain/services/content/playlist/cover/cover.go:53.2,53.37 1 2
github.com/hahaclassic/orpheon/backend/internal/domain/services/content/playlist/cover/cover.go:56.122,57.15 1 3
github.com/hahaclassic/orpheon/backend/internal/domain/services/content/playlist/cover/cover.go:57.15,59.3 1 3
github.com/hahaclassic/orpheon/backend/internal/domain/services/content/playlist/cover/cover.go:61.2,62.16 2 3
github.com/hahaclassic/orpheon/backend/internal/domain/services/content/playlist/cover/cover.go:62.16,64.3 1 1
github.com/hahaclassic/orpheon/backend/internal/domain/services/content/playlist/cover/cover.go:66.2,66.44 1 2
github.com/hahaclassic/orpheon/backend/internal/domain/services/content/playlist/favorites/favorites.go:28.72,33.2 1 17
github.com/hahaclassic/orpheon/backend/internal/domain/services/content/playlist/favorites/favorites.go:35.132,36.15 1 3
github.com/hahaclassic/orpheon/backend/internal/domain/services/content/playlist/favorites/favorites.go:36.15,38.3 1 3
github.com/hahaclassic/orpheon/backend/internal/domain/services/content/playlist/favorites/favorites.go:40.2,41.16 2 3
github.com/hahaclassic/orpheon/backend/internal/domain/services/content/playlist/favorites/favorites.go:41.16,43.3 1 1
github.com/hahaclassic/orpheon/backend/internal/domain/services/content/playlist/favorites/favorites.go:45.2,45.70 1 2
github.com/hahaclassic/orpheon/backend/internal/domain/services/content/playlist/favorites/favorites.go:49.134,50.15 1 2
github.com/hahaclassic/orpheon/backend/internal/domain/services/content/playlist/favorites/favorites.go:50.15,52.3 1 2
github.com/hahaclassic/orpheon/backend/internal/domain/services/content/playlist/favorites/favorites.go:54.2,54.60 1 2
github.com/hahaclassic/orpheon/backend/internal/domain/services/content/playlist/favorites/favorites.go:57.137,58.15 1 3
github.com/hahaclassic/orpheon/backend/internal/domain/services/content/playlist/favorites/favorites.go:58.15,60.3 1 3
github.com/hahaclassic/orpheon/backend/internal/domain/services/content/playlist/favorites/favorites.go:62.2,62.74 1 3
github.com/hahaclassic/orpheon/backend/internal/domain/services/content/playlist/favorites/favorites.go:62.74,64.3 1 1
github.com/hahaclassic/orpheon/backend/internal/domain/services/content/playlist/favorites/favorites.go:66.2,66.79 1 2
github.com/hahaclassic/orpheon/backend/internal/domain/services/content/playlist/favorites/favorites.go:69.157,70.15 1 3
github.com/hahaclassic/orpheon/backend/internal/domain/services/content/playlist/favorites/favorites.go:70.15,72.3 1 3
github.com/hahaclassic/orpheon/backend/internal/domain/services/content/playlist/favorites/favorites.go:74.2,74.72 1 3
github.com/hahaclassic/orpheon/backend/internal/domain/services/content/playlist/favorites/favorites.go:74.72,76.3 1 1
github.com/hahaclassic/orpheon/backend/internal/domain/services/content/playlist/favorites/favorites.go:78.2,78.69 1 2
github.com/hahaclassic/orpheon/backend/internal/domain/services/content/playlist/favorites/favorites.go:81.136,82.15 1 3
github.com/hahaclassic/orpheon/backend/internal/domain/services/content/playlist/favorites/favorites.go:82.15,84.3 1 3
github.com/hahaclassic/orpheon/backend/internal/domain/services/content/playlist/favorites/favorites.go:86.2,86.74 1 3
github.com/hahaclassic/orpheon/backend/internal/domain/services/content/playlist/favorites/favorites.go:86.74,88.3 1 1
github.com/hahaclassic/orpheon/backend/internal/domain/services/content/playlist/favorites/favorites.go:90.2,90.63 1 2
github.com/hahaclassic/orpheon/backend/internal/domain/services/content/playlist/favorites/favorites.go:93.160,94.15 1 3
github.com/hahaclassic/orpheon/backend/internal/domain/services/content/playlist/favorites/favorites.go:94.15,96.3 1 3
github.com/hahaclassic/orpheon/backend/internal/domain/services/content/playlist/favorites/favorites.go:98.2,98.74 1 3
github.com/hahaclassic/orpheon/backend/internal/domain/services/content/playlist/favorites/favorites.go:98.74,100.3 1 1
github.com/hahaclassic/orpheon/backend/internal/domain/services/content/playlist/favorites/favorites.go:102.2,102.69 1 2
github.com/hahaclassic/orpheon/backend/internal/domain/services/content/playlist/meta/meta.go:30.117,35.2 1 10
github.com/hahaclassic/orpheon/backend/internal/domain/services/content/playlist/meta/meta.go:37.129,38.15 1 2
github.com/hahaclassic/orpheon/backend/internal/domain/services/content/playlist/meta/meta.go:38.15,40.3 1 2
github.com/hahaclassic/orpheon/backend/internal/domain/services/content/playlist/meta/meta.go:42.2,42.25 1 2
github.com/hahaclassic/orpheon/backend/internal/domain/services/content/playlist/meta/meta.go:42.25,44.3 1 1
github.com/hahaclassic/orpheon/backend/internal/domain/services/content/playlist/meta/meta.go:46.2,48.37 2 1
github.com/hahaclassic/orpheon/backend/internal/domain/services/content/playlist/meta/meta.go:51.141,52.15 1 2
github.com/hahaclassic/orpheon/backend/internal/domain/services/content/playlist/meta/meta.go:52.15,54.3 1 2
github.com/hahaclassic/orpheon/backend/internal/domain/services/content/playlist/meta/meta.go:56.2,56.65 1 2
github.com/hahaclassic/orpheon/backend/internal/domain/services/content/playlist/meta/meta.go:56.65,58.3 1 1
github.com/hahaclassic/orpheon/backend/internal/domain/services/content/playlist/meta/meta.go:60.2,60.40 1 1
github.com/hahaclassic/orpheon/backend/internal/domain/services/content/playlist/meta/meta.go:63.155,64.15 1 2
github.com/hahaclassic/orpheon/backend/internal/domain/services/content/playlist/meta/meta.go:64.15,66.3 1 2
github.com/hahaclassic/orpheon/backend/internal/domain/services/content/playlist/meta/meta.go:68.2,69.16 2 2
github.com/hahaclassic/orpheon/backend/internal/domain/services/content/playlist/meta/meta.go:69.16,71.3 1 0
github.com/hahaclassic/orpheon/backend/internal/domain/services/content/playlist/meta/meta.go:74.2,74.29 1 2
github.com/hahaclassic/orpheon/backend/internal/domain/services/content/playlist/meta/meta.go:74.29,76.3 1 1
github.com/hahaclassic/orpheon/backend/internal/domain/services/content/playlist/meta/meta.go:78.2,80.27 3 1
github.com/hahaclassic/orpheon/backend/internal/domain/services/content/playlist/meta/meta.go:80.27,81.30 1 3
github.com/hahaclassic/orpheon/backend/internal/domain/services/content/playlist/meta/meta.go:81.30,84.4 2 2
github.com/hahaclassic/orpheon/backend/internal/domain/services/content/playlist/meta/meta.go:87.2,87.39 1 1
github.com/hahaclassic/orpheon/backend/internal/domain/services/content/playlist/meta/meta.go:90.129,91.15 1 2
github.com/hahaclassic/orpheon/backend/internal/domain/services/content/playlist/meta/meta.go:91.15,93.3 1 2
github.com/hahaclassic/orpheon/backend/internal/domain/services/content/playlist/meta/meta.go:95.2,95.66 1 2
github.com/hahaclassic/orpheon/backend/internal/domain/services/content/playlist/meta/meta.go:95.66,97.3 1 1
github.com/hahaclassic/orpheon/backend/internal/domain/services/content/playlist/meta/meta.go:99.2,99.37 1 1
github.com/hahaclassic/orpheon/backend/internal/domain/services/content/playlist/meta/meta.go:102.120,103.15 1 2
github.com/hahaclassic/orpheon/backend/internal/domain/services/content/playlist/meta/meta.go:103.15,105.3 1 2
github.com/hahaclassic/orpheon/backend/internal/domain/services/content/playlist/meta/meta.go:107.2,107.67 1 2
github.com/hahaclassic/orpheon/backend/internal/domain/services/content/playlist/meta/meta.go:107.67,109.3 1 1
github.com/hahaclassic/orpheon/backend/internal/domain/services/content/playlist/meta/meta.go:111.2,111.39 1 1
github.com/hahaclassic/orpheon/backend/internal/domain/services/content/playlist/tracks/tracks.go:24.121,29.2 1 12
github.com/hahaclassic/orpheon/backend/internal/domain/services/content/playlist/tracks/tracks.go:31.138,32.15 1 3
github.com/hahaclassic/orpheon/backend/internal/domain/services/content/playlist/tracks/tracks.go:32.15,34.3 1 3
github.com/hahaclassic/orpheon/backend/internal/domain/services/content/playlist/tracks/tracks.go:36.2,36.65 1 3
github.com/hahaclassic/orpheon/backend/internal/domain/services/content/playlist/tracks/tracks.go:36.65,38.3 1 1
github.com/hahaclassic/orpheon/backend/internal/domain/services/content/playlist/tracks/tracks.go:40.2,40.60 1 2
github.com/hahaclassic/orpheon/backend/internal/domain/services/content/playlist/tracks/tracks.go:43.151,44.15 1 3
github.com/hahaclassic/orpheon/backend/internal/domain/services/content/playlist/tracks/tracks.go:44.15,46.3 1 3
github.com/hahaclassic/orpheon/backend/internal/domain/services/content/playlist/tracks/tracks.go:48.2,48.65 1 3
github.com/hahaclassic/orpheon/backend/internal/domain/services/content/playlist/tracks/tracks.go:48.65,50.3 1 1
github.com/hahaclassic/orpheon/backend/internal/domain/services/content/playlist/tracks/tracks.go:52.2,52.53 1 2
github.com/hahaclassic/orpheon/backend/internal/domain/services/content/playlist/tracks/tracks.go:55.141,56.15 1 3
github.com/hahaclassic/orpheon/backend/internal/domain/services/content/playlist/tracks/tracks.go:56.15,58.3 1 3
github.com/hahaclassic/orpheon/backend/internal/domain/services/content/playlist/tracks/tracks.go:60.2,60.65 1 3
github.com/hahaclassic/orpheon/backend/internal/domain/services/content/playlist/tracks/tracks.go:60.65,62.3 1 1
github.com/hahaclassic/orpheon/backend/internal/domain/services/content/playlist/tracks/tracks.go:64.2,64.65 1 2
github.com/hahaclassic/orpheon/backend/internal/domain/services/content/playlist/tracks/tracks.go:67.126,68.15 1 3
github.com/hahaclassic/orpheon/backend/internal/domain/services/content/playlist/tracks/tracks.go:68.15,70.3 1 3
github.com/hahaclassic/orpheon/backend/internal/domain/services/content/playlist/tracks/tracks.go:72.2,72.65 1 3
github.com/hahaclassic/orpheon/backend/internal/domain/services/content/playlist/tracks/tracks.go:72.65,74.3 1 1
github.com/hahaclassic/orpheon/backend/internal/domain/services/content/playlist/tracks/tracks.go:76.2,76.60 1 2
github.com/hahaclassic/orpheon/backend/internal/domain/services/content/playlist/policy/policy.go:21.70,25.2 1 9
github.com/hahaclassic/orpheon/backend/internal/domain/services/content/playlist/policy/policy.go:27.119,28.15 1 3
github.com/hahaclassic/orpheon/backend/internal/domain/services/content/playlist/policy/policy.go:28.15,30.3 1 3
github.com/hahaclassic/orpheon/backend/internal/domain/services/content/playlist/policy/policy.go:32.2,33.16 2 3
github.com/hahaclassic/orpheon/backend/internal/domain/services/content/playlist/policy/policy.go:33.16,35.3 1 0
github.com/hahaclassic/orpheon/backend/internal/domain/services/content/playlist/policy/policy.go:37.2,37.54 1 3
github.com/hahaclassic/orpheon/backend/internal/domain/services/content/playlist/policy/policy.go:37.54,39.3 1 2
github.com/hahaclassic/orpheon/backend/internal/domain/services/content/playlist/policy/policy.go:41.2,41.31 1 1
github.com/hahaclassic/orpheon/backend/internal/domain/services/content/playlist/policy/policy.go:44.119,45.15 1 2
github.com/hahaclassic/orpheon/backend/internal/domain/services/content/playlist/policy/policy.go:45.15,47.3 1 2
github.com/hahaclassic/orpheon/backend/internal/domain/services/content/playlist/policy/policy.go:49.2,50.16 2 2
github.com/hahaclassic/orpheon/backend/internal/domain/services/content/playlist/policy/policy.go:50.16,52.3 1 0
github.com/hahaclassic/orpheon/backend/internal/domain/services/content/playlist/policy/policy.go:54.2,54.35 1 2
github.com/hahaclassic/orpheon/backend/internal/domain/services/content/playlist/policy/policy.go:54.35,56.3 1 1
github.com/hahaclassic/orpheon/backend/internal/domain/services/content/playlist/policy/policy.go:58.2,58.31 1 1
github.com/hahaclassic/orpheon/backend/internal/domain/services/content/playlist/policy/policy.go:61.121,62.15 1 4
github.com/hahaclassic/orpheon/backend/internal/domain/services/content/playlist/policy/policy.go:62.15,64.3 1 4
github.com/hahaclassic/orpheon/backend/internal/domain/services/content/playlist/policy/policy.go:66.2,67.16 2 4
github.com/hahaclassic/orpheon/backend/internal/domain/services/content/playlist/policy/policy.go:67.16,69.3 1 0
github.com/hahaclassic/orpheon/backend/internal/domain/services/content/playlist/policy/policy.go:71.2,72.57 1 4
github.com/hahaclassic/orpheon/backend/internal/domain/services/content/playlist/policy/policy.go:72.57,74.3 1 2
github.com/hahaclassic/orpheon/backend/internal/domain/services/content/playlist/policy/policy.go:76.2,76.31 1 2
github.com/hahaclassic/orpheon/backend/internal/domain/services/content/search/search.go:22.61,26.2 1 8
github.com/hahaclassic/orpheon/backend/internal/domain/services/content/search/search.go:28.121,29.15 1 2
github.com/hahaclassic/orpheon/backend/internal/domain/services/content/search/search.go:29.15,31.3 1 2
github.com/hahaclassic/orpheon/backend/internal/domain/services/content/search/search.go:33.2,33.38 1 2
github.com/hahaclassic/orpheon/backend/internal/domain/services/content/search/search.go:36.121,37.15 1 2
github.com/hahaclassic/orpheon/backend/internal/domain/services/content/search/search.go:37.15,39.3 1 2
github.com/hahaclassic/orpheon/backend/internal/domain/services/content/search/search.go:41.2,41.38 1 2
github.com/hahaclassic/orpheon/backend/internal/domain/services/content/search/search.go:44.123,45.15 1 2
github.com/hahaclassic/orpheon/backend/internal/domain/services/content/search/search.go:45.15,47.3 1 2
github.com/hahaclassic/orpheon/backend/internal/domain/services/content/search/search.go:49.2,49.39 1 2
github.com/hahaclassic/orpheon/backend/internal/domain/services/content/search/search.go:52.150,53.15 1 2
github.com/hahaclassic/orpheon/backend/internal/domain/services/content/search/search.go:53.15,55.3 1 2
github.com/hahaclassic/orpheon/backend/internal/domain/services/content/search/search.go:57.2,58.16 2 2
github.com/hahaclassic/orpheon/backend/internal/domain/services/content/search/search.go:58.16,60.3 1 1
github.com/hahaclassic/orpheon/backend/internal/domain/services/content/search/search.go:62.2,63.27 2 1
github.com/hahaclassic/orpheon/backend/internal/domain/services/content/search/search.go:63.27,64.71 1 3
github.com/hahaclassic/orpheon/backend/internal/domain/services/content/search/search.go:64.71,66.4 1 2
github.com/hahaclassic/orpheon/backend/internal/domain/services/content/search/search.go:69.2,69.32 1 1
github.com/hahaclassic/orpheon/backend/internal/domain/services/content/track/audio/audio.go:33.80,38.2 1 11
github.com/hahaclassic/orpheon/backend/internal/domain/services/content/track/audio/audio.go:40.128,41.15 1 3
github.com/hahaclassic/orpheon/backend/internal/domain/services/content/track/audio/audio.go:41.15,43.3 1 3
github.com/hahaclassic/orpheon/backend/internal/domain/services/content/track/audio/audio.go:45.2,45.30 1 3
github.com/hahaclassic/orpheon/backend/internal/domain/services/content/track/audio/audio.go:45.30,47.3 1 1
github.com/hahaclassic/orpheon/backend/internal/domain/services/content/track/audio/audio.go:49.2,49.41 1 2
github.com/hahaclassic/orpheon/backend/internal/domain/services/content/track/audio/audio.go:52.126,53.15 1 5
github.com/hahaclassic/orpheon/backend/internal/domain/services/content/track/audio/audio.go:53.15,55.3 1 5
github.com/hahaclassic/orpheon/backend/internal/domain/services/content/track/audio/audio.go:57.2,57.9 1 5
github.com/hahaclassic/orpheon/backend/internal/domain/services/content/track/audio/audio.go:58.40,59.32 1 1
github.com/hahaclassic/orpheon/backend/internal/domain/services/content/track/audio/audio.go:60.92,61.31 1 1
github.com/hahaclassic/orpheon/backend/internal/domain/services/content/track/audio/audio.go:64.2,65.16 2 3
github.com/hahaclassic/orpheon/backend/internal/domain/services/content/track/audio/audio.go:65.16,67.3 1 1
github.com/hahaclassic/orpheon/backend/internal/domain/services/content/track/audio/audio.go:69.2,69.47 1 2
github.com/hahaclassic/orpheon/backend/internal/domain/services/content/track/audio/audio.go:72.119,73.15 1 3
github.com/hahaclassic/orpheon/backend/internal/domain/services/content/track/audio/audio.go:73.15,75.3 1 3
github.com/hahaclassic/orpheon/backend/internal/domain/services/content/track/audio/audio.go:77.2,77.38 1 3
github.com/hahaclassic/orpheon/backend/internal/domain/services/content/track/audio/audio.go:77.38,79.3 1 1
github.com/hahaclassic/orpheon/backend/internal/domain/services/content/track/audio/audio.go:81.2,81.40 1 2
github.com/hahaclassic/orpheon/backend/internal/domain/services/stat/consumer/consumer.go:24.85,26.2 1 4
github.com/hahaclassic/orpheon/backend/internal/domain/services/stat/consumer/consumer.go:28.73,29.15 1 2
github.com/hahaclassic/orpheon/backend/internal/domain/services/stat/consumer/consumer.go:29.15,30.17 1 2
github.com/hahaclassic/orpheon/backend/internal/domain/services/stat/consumer/consumer.go:30.17,32.4 1 1
github.com/hahaclassic/orpheon/backend/internal/domain/services/stat/consumer/consumer.go:35.2,35.54 1 2
github.com/hahaclassic/orpheon/backend/internal/domain/services/stat/consumer/consumer.go:38.119,39.15 1 2
github.com/hahaclassic/orpheon/backend/internal/domain/services/stat/consumer/consumer.go:39.15,40.17 1 2
github.com/hahaclassic/orpheon/backend/internal/domain/services/stat/consumer/consumer.go:40.17,42.4 1 1
github.com/hahaclassic/orpheon/backend/internal/domain/services/stat/consumer/consumer.go:45.2,45.38 1 2
github.com/hahaclassic/orpheon/backend/internal/domain/services/content/track/meta/meta.go:29.70,31.2 1 10
github.com/hahaclassic/orpheon/backend/internal/domain/services/content/track/meta/meta.go:33.114,34.15 1 1
github.com/hahaclassic/orpheon/backend/internal/domain/services/content/track/meta/meta.go:34.15,36.3 1 1
github.com/hahaclassic/orpheon/backend/internal/domain/services/content/track/meta/meta.go:38.2,38.37 1 1
github.com/hahaclassic/orpheon/backend/internal/domain/services/content/track/meta/meta.go:41.139,42.15 1 3
github.com/hahaclassic/orpheon/backend/internal/domain/services/content/track/meta/meta.go:42.15,44.3 1 3
github.com/hahaclassic/orpheon/backend/internal/domain/services/content/track/meta/meta.go:46.2,46.38 1 3
github.com/hahaclassic/orpheon/backend/internal/domain/services/content/track/meta/meta.go:46.38,48.3 1 1
github.com/hahaclassic/orpheon/backend/internal/domain/services/content/track/meta/meta.go:50.2,51.16 2 2
github.com/hahaclassic/orpheon/backend/internal/domain/services/content/track/meta/meta.go:51.16,53.3 1 0
github.com/hahaclassic/orpheon/backend/internal/domain/services/content/track/meta/meta.go:55.2,55.49 1 2
github.com/hahaclassic/orpheon/backend/internal/domain/services/content/track/meta/meta.go:55.49,57.3 1 1
github.com/hahaclassic/orpheon/backend/internal/domain/services/content/track/meta/meta.go:59.2,59.16 1 1
github.com/hahaclassic/orpheon/backend/internal/domain/services/content/track/meta/meta.go:62.125,63.15 1 3
github.com/hahaclassic/orpheon/backend/internal/domain/services/content/track/meta/meta.go:63.15,65.3 1 3
github.com/hahaclassic/orpheon/backend/internal/domain/services/content/track/meta/meta.go:67.2,67.38 1 3
github.com/hahaclassic/orpheon/backend/internal/domain/services/content/track/meta/meta.go:67.38,69.3 1 1
github.com/hahaclassic/orpheon/backend/internal/domain/services/content/track/meta/meta.go:71.2,71.34 1 2
github.com/hahaclassic/orpheon/backend/internal/domain/services/content/track/meta/meta.go:74.119,75.15 1 3
github.com/hahaclassic/orpheon/backend/internal/domain/services/content/track/meta/meta.go:75.15,77.3 1 3
github.com/hahaclassic/orpheon/backend/internal/domain/services/content/track/meta/meta.go:79.2,79.38 1 3
github.com/hahaclassic/orpheon/backend/internal/domain/services/content/track/meta/meta.go:79.38,81.3 1 1
github.com/hahaclassic/orpheon/backend/internal/domain/services/content/track/meta/meta.go:83.2,83.36 1 2
github.com/hahaclassic/orpheon/backend/internal/domain/services/stat/publisher/publisher.go:28.52,30.2 1 3
github.com/hahaclassic/orpheon/backend/internal/domain/services/stat/publisher/publisher.go:32.120,33.15 1 3
github.com/hahaclassic/orpheon/backend/internal/domain/services/stat/publisher/publisher.go:33.15,34.17 1 3
github.com/hahaclassic/orpheon/backend/internal/domain/services/stat/publisher/publisher.go:34.17,36.4 1 2
github.com/hahaclassic/orpheon/backend/internal/domain/services/stat/publisher/publisher.go:39.2,39.45 1 3
github.com/hahaclassic/orpheon/backend/internal/domain/services/stat/publisher/publisher.go:39.45,41.3 1 1
github.com/hahaclassic/orpheon/backend/internal/domain/services/stat/publisher/publisher.go:43.2,43.49 1 2
github.com/hahaclassic/orpheon/backend/internal/domain/services/stat/publisher/publisher.go:43.49,45.3 1 1
github.com/hahaclassic/orpheon/backend/internal/domain/services/stat/publisher/publisher.go:47.2,47.12 1 1
github.com/hahaclassic/orpheon/backend/internal/domain/services/stat/publisher/publisher.go:50.54,52.33 2 3
github.com/hahaclassic/orpheon/backend/internal/domain/services/stat/publisher/publisher.go:52.33,54.3 1 5
github.com/hahaclassic/orpheon/backend/internal/domain/services/stat/publisher/publisher.go:56.2,56.14 1 3
github.com/hahaclassic/orpheon/backend/internal/domain/services/stat/processor/processor.go:30.118,32.2 1 5
github.com/hahaclassic/orpheon/backend/internal/domain/services/stat/processor/processor.go:34.106,35.15 1 5
github.com/hahaclassic/orpheon/backend/internal/domain/services/stat/processor/processor.go:35.15,36.17 1 5
github.com/hahaclassic/orpheon/backend/internal/domain/services/stat/processor/processor.go:36.17,38.4 1 3
github.com/hahaclassic/orpheon/backend/internal/domain/services/stat/processor/processor.go:41.2,42.16 2 5
github.com/hahaclassic/orpheon/backend/internal/domain/services/stat/processor/processor.go:42.16,44.3 1 1
github.com/hahaclassic/orpheon/backend/internal/domain/services/stat/processor/processor.go:46.2,48.101 2 4
github.com/hahaclassic/orpheon/backend/internal/domain/services/stat/processor/processor.go:48.101,50.3 1 1
github.com/hahaclassic/orpheon/backend/internal/domain/services/stat/processor/processor.go:52.2,52.32 1 3
github.com/hahaclassic/orpheon/backend/internal/domain/services/stat/processor/processor.go:52.32,53.96 1 2
github.com/hahaclassic/orpheon/backend/internal/domain/services/stat/processor/processor.go:53.96,55.4 1 1
github.com/hahaclassic/orpheon/backend/internal/domain/services/stat/processor/processor.go:58.2,58.12 1 2
github.com/hahaclassic/orpheon/backend/internal/domain/services/stat/processor/processor.go:61.123,66.67 4 4
github.com/hahaclassic/orpheon/backend/internal/domain/services/stat/processor/processor.go:66.67,67.44 1 8
github.com/hahaclassic/orpheon/backend/internal/domain/services/stat/processor/processor.go:67.44,69.4 1 1
github.com/hahaclassic/orpheon/backend/internal/domain/services/stat/processor/processor.go:71.3,72.73 2 7
github.com/hahaclassic/orpheon/backend/internal/domain/services/stat/processor/processor.go:72.73,75.4 2 6
github.com/hahaclassic/orpheon/backend/internal/domain/services/stat/processor/processor.go:78.2,78.45 1 4
github.com/hahaclassic/orpheon/backend/internal/domain/services/stat/processor/processor.go:78.45,85.54 5 4
github.com/hahaclassic/orpheon/backend/internal/domain/services/stat/processor/processor.go:85.54,86.39 1 8
github.com/hahaclassic/orpheon/backend/internal/domain/services/stat/processor/processor.go:86.39,87.13 1 0
github.com/hahaclassic/orpheon/backend/internal/domain/services/stat/processor/processor.go:89.4,90.48 2 8
github.com/hahaclassic/orpheon/backend/internal/domain/services/stat/processor/processor.go:94.2,94.38 1 4
github.com/hahaclassic/orpheon/backend/internal/domain/services/stat/processor/processor.go:97.69,102.2 1 7
github.com/hahaclassic/orpheon/backend/internal/adapters/event-bus/kafka/kafka.go:27.72,43.2 1 0
github.com/hahaclassic/orpheon/backend/internal/adapters/event-bus/kafka/kafka.go:45.90,47.16 2 0
github.com/hahaclassic/orpheon/backend/internal/adapters/event-bus/kafka/kafka.go:47.16,49.3 1 0
github.com/hahaclassic/orpheon/backend/internal/adapters/event-bus/kafka/kafka.go:51.2,56.57 2 0
github.com/hahaclassic/orpheon/backend/internal/adapters/event-bus/kafka/kafka.go:56.57,58.3 1 0
github.com/hahaclassic/orpheon/backend/internal/adapters/event-bus/kafka/kafka.go:60.2,60.12 1 0
github.com/hahaclassic/orpheon/backend/internal/adapters/event-bus/kafka/kafka.go:63.133,64.6 1 0
github.com/hahaclassic/orpheon/backend/internal/adapters/event-bus/kafka/kafka.go:64.6,65.10 1 0
github.com/hahaclassic/orpheon/backend/internal/adapters/event-bus/kafka/kafka.go:66.21,67.20 1 0
github.com/hahaclassic/orpheon/backend/internal/adapters/event-bus/kafka/kafka.go:68.11,70.18 2 0
github.com/hahaclassic/orpheon/backend/internal/adapters/event-bus/kafka/kafka.go:70.18,71.85 1 0
github.com/hahaclassic/orpheon/backend/internal/adapters/event-bus/kafka/kafka.go:71.85,73.6 1 0
github.com/hahaclassic/orpheon/backend/internal/adapters/event-bus/kafka/kafka.go:74.5,74.48 1 0
github.com/hahaclassic/orpheon/backend/internal/adapters/event-bus/kafka/kafka.go:77.4,78.57 2 0
github.com/hahaclassic/orpheon/backend/internal/adapters/event-bus/kafka/kafka.go:78.57,80.13 2 0
github.com/hahaclassic/orpheon/backend/internal/adapters/event-bus/kafka/kafka.go:83.4,83.46 1 0
github.com/hahaclassic/orpheon/backend/internal/adapters/event-bus/kafka/kafka.go:83.46,85.13 2 0
github.com/hahaclassic/orpheon/backend/internal/adapters/event-bus/kafka/kafka.go:91.39,92.41 1 0
github.com/hahaclassic/orpheon/backend/internal/adapters/event-bus/kafka/kafka.go:92.41,94.3 1 0
github.com/hahaclassic/orpheon/backend/internal/adapters/event-bus/kafka/kafka.go:95.2,95.25 1 0
github.com/hahaclassic/orpheon/backend/internal/domain/services/user/user.go:30.44,34.2 1 10
github.com/hahaclassic/orpheon/backend/internal/domain/services/user/user.go:36.103,37.15 1 2
github.com/hahaclassic/orpheon/backend/internal/domain/services/user/user.go:37.15,38.17 1 2
github.com/hahaclassic/orpheon/backend/internal/domain/services/user/user.go:38.17,40.4 1 1
github.com/hahaclassic/orpheon/backend/internal/domain/services/user/user.go:43.2,44.16 2 2
github.com/hahaclassic/orpheon/backend/internal/domain/services/user/user.go:44.16,46.3 1 0
github.com/hahaclassic/orpheon/backend/internal/domain/services/user/user.go:48.2,52.52 4 2
github.com/hahaclassic/orpheon/backend/internal/domain/services/user/user.go:52.52,54.3 1 1
github.com/hahaclassic/orpheon/backend/internal/domain/services/user/user.go:56.2,56.16 1 1
github.com/hahaclassic/orpheon/backend/internal/domain/services/user/user.go:59.102,60.15 1 1
github.com/hahaclassic/orpheon/backend/internal/domain/services/user/user.go:60.15,61.17 1 1
github.com/hahaclassic/orpheon/backend/internal/domain/services/user/user.go:61.17,63.4 1 0
github.com/hahaclassic/orpheon/backend/internal/domain/services/user/user.go:66.2,66.36 1 1
github.com/hahaclassic/orpheon/backend/internal/domain/services/user/user.go:69.113,70.15 1 3
github.com/hahaclassic/orpheon/backend/internal/domain/services/user/user.go:70.15,71.17 1 3
github.com/hahaclassic/orpheon/backend/internal/domain/services/user/user.go:71.17,73.4 1 2
github.com/hahaclassic/orpheon/backend/internal/domain/services/user/user.go:76.2,76.30 1 3
github.com/hahaclassic/orpheon/backend/internal/domain/services/user/user.go:76.30,78.3 1 1
github.com/hahaclassic/orpheon/backend/internal/domain/services/user/user.go:80.2,80.37 1 2
github.com/hahaclassic/orpheon/backend/internal/domain/services/user/user.go:83.108,84.15 1 4
github.com/hahaclassic/orpheon/backend/internal/domain/services/user/user.go:84.15,85.17 1 4
github.com/hahaclassic/orpheon/backend/internal/domain/services/user/user.go:85.17,87.4 1 2
github.com/hahaclassic/orpheon/backend/internal/domain/services/user/user.go:90.2,90.65 1 4
github.com/hahaclassic/orpheon/backend/internal/domain/services/user/user.go:90.65,92.3 1 1
github.com/hahaclassic/orpheon/backend/internal/domain/services/user/user.go:94.2,94.39 1 3
github.com/hahaclassic/orpheon/backend/internal/adapters/password-hasher/bcrypt-hasher/hasher.go:19.46,23.2 1 2
github.com/hahaclassic/orpheon/backend/internal/adapters/password-hasher/bcrypt-hasher/hasher.go:25.86,29.2 2 2
github.com/hahaclassic/orpheon/backend/internal/adapters/password-hasher/bcrypt-hasher/hasher.go:31.83,35.2 2 2
github.com/hahaclassic/orpheon/backend/internal/adapters/tokens/jwt/tokens.go:39.53,43.2 1 5
github.com/hahaclassic/orpheon/backend/internal/adapters/tokens/jwt/tokens.go:45.86,60.2 5 3
github.com/hahaclassic/orpheon/backend/internal/adapters/tokens/jwt/tokens.go:62.85,65.90 2 5
github.com/hahaclassic/orpheon/backend/internal/adapters/tokens/jwt/tokens.go:65.90,66.54 1 4
github.com/hahaclassic/orpheon/backend/internal/adapters/tokens/jwt/tokens.go:66.54,68.4 1 0
github.com/hahaclassic/orpheon/backend/internal/adapters/tokens/jwt/tokens.go:69.3,69.30 1 4
github.com/hahaclassic/orpheon/backend/internal/adapters/tokens/jwt/tokens.go:72.2,72.9 1 5
github.com/hahaclassic/orpheon/backend/internal/adapters/tokens/jwt/tokens.go:73.43,74.25 1 1
github.com/hahaclassic/orpheon/backend/internal/adapters/tokens/jwt/tokens.go:75.49,76.31 1 0
github.com/hahaclassic/orpheon/backend/internal/adapters/tokens/jwt/tokens.go:77.18,78.30 1 2
github.com/hahaclassic/orpheon/backend/internal/adapters/tokens/jwt/tokens.go:79.20,80.36 1 0
github.com/hahaclassic/orpheon/backend/internal/adapters/tokens/jwt/tokens.go:83.2,86.8 1 2
github.com/hahaclassic/orpheon/backend/internal/adapters/tokens/jwt/tokens.go:89.66,91.16 2 0
github.com/hahaclassic/orpheon/backend/internal/adapters/tokens/jwt/tokens.go:91.16,93.3 1 0
github.com/hahaclassic/orpheon/backend/internal/adapters/tokens/jwt/tokens.go:95.2,95.33 1 0
